Using pre-set license
Built from '2020.3/staging' branch; Version is '2020.3.26f1 (7298b473bc1a) revision 7510196'; Using compiler version '192528614'; Build Type 'Release'
OS: 'Windows 10  (10.0.18363) 64bit Core' Language: 'es' Physical Memory: 16335 MB
BatchMode: 1, IsHumanControllingUs: 0, StartBugReporterOnCrash: 0, Is64bit: 1, IsPro: 0

COMMAND LINE ARGUMENTS:
G:\Programs\Unity 2020.3.26f1\Editor\Unity.exe
-adb2
-batchMode
-noUpm
-name
AssetImportWorker0
-projectPath
G:/MyGames/DreamWorld
-logFile
Logs/AssetImportWorker0.log
-srvPort
62564
Successfully changed project path to: G:/MyGames/DreamWorld
G:/MyGames/DreamWorld
Using Asset Import Pipeline V2.
Refreshing native plugins compatible for Editor in 50.17 ms, found 3 plugins.
Preloading 0 native plugins for Editor in 0.00 ms.
Initialize engine version: 2020.3.26f1 (7298b473bc1a)
[Subsystems] Discovering subsystems at path G:/Programs/Unity 2020.3.26f1/Editor/Data/Resources/UnitySubsystems
[Subsystems] Discovering subsystems at path G:/MyGames/DreamWorld/Assets
GfxDevice: creating device client; threaded=0
Direct3D:
    Version:  Direct3D 11.0 [level 11.1]
    Renderer: NVIDIA GeForce GTX 1060 6GB (ID=0x1c03)
    Vendor:   
    VRAM:     6052 MB
    Driver:   27.21.14.5751
Initialize mono
Mono path[0] = 'G:/Programs/Unity 2020.3.26f1/Editor/Data/Managed'
Mono path[1] = 'G:/Programs/Unity 2020.3.26f1/Editor/Data/MonoBleedingEdge/lib/mono/unityjit'
Mono config path = 'G:/Programs/Unity 2020.3.26f1/Editor/Data/MonoBleedingEdge/etc'
Using monoOptions --debugger-agent=transport=dt_socket,embedding=1,server=y,suspend=n,address=127.0.0.1:56464
Begin MonoManager ReloadAssembly
Registering precompiled unity dll's ...
Register platform support module: G:/Programs/Unity 2020.3.26f1/Editor/Data/PlaybackEngines/WindowsStandaloneSupport/UnityEditor.WindowsStandalone.Extensions.dll
Registered in 0.001130 seconds.
Native extension for WindowsStandalone target not found
Refreshing native plugins compatible for Editor in 55.29 ms, found 3 plugins.
Preloading 0 native plugins for Editor in 0.00 ms.
Mono: successfully reloaded assembly
- Completed reload, in  0.657 seconds
Domain Reload Profiling:
	ReloadAssembly (657ms)
		BeginReloadAssembly (56ms)
			ExecutionOrderSort (0ms)
			DisableScriptedObjects (0ms)
			BackupInstance (0ms)
			ReleaseScriptingObjects (0ms)
			CreateAndSetChildDomain (1ms)
		EndReloadAssembly (519ms)
			LoadAssemblies (55ms)
			RebuildTransferFunctionScriptingTraits (0ms)
			SetupTypeCache (177ms)
			ReleaseScriptCaches (0ms)
			RebuildScriptCaches (35ms)
			SetupLoadedEditorAssemblies (200ms)
				LogAssemblyErrors (0ms)
				InitializePlatformSupportModulesInManaged (5ms)
				SetLoadedEditorAssemblies (0ms)
				RefreshPlugins (55ms)
				BeforeProcessingInitializeOnLoad (10ms)
				ProcessInitializeOnLoadAttributes (97ms)
				ProcessInitializeOnLoadMethodAttributes (33ms)
				AfterProcessingInitializeOnLoad (0ms)
				EditorAssembliesLoaded (0ms)
			ExecutionOrderSort2 (0ms)
			AwakeInstancesAfterBackupRestoration (0ms)
Platform modules already initialized, skipping
Registering precompiled user dll's ...
Registered in 0.004123 seconds.
Begin MonoManager ReloadAssembly
Native extension for WindowsStandalone target not found
Refreshing native plugins compatible for Editor in 49.79 ms, found 3 plugins.
Preloading 0 native plugins for Editor in 0.00 ms.
Mono: successfully reloaded assembly
- Completed reload, in  1.220 seconds
Domain Reload Profiling:
	ReloadAssembly (1221ms)
		BeginReloadAssembly (159ms)
			ExecutionOrderSort (0ms)
			DisableScriptedObjects (6ms)
			BackupInstance (0ms)
			ReleaseScriptingObjects (0ms)
			CreateAndSetChildDomain (21ms)
		EndReloadAssembly (996ms)
			LoadAssemblies (93ms)
			RebuildTransferFunctionScriptingTraits (0ms)
			SetupTypeCache (354ms)
			ReleaseScriptCaches (1ms)
			RebuildScriptCaches (53ms)
			SetupLoadedEditorAssemblies (360ms)
				LogAssemblyErrors (0ms)
				InitializePlatformSupportModulesInManaged (4ms)
				SetLoadedEditorAssemblies (0ms)
				RefreshPlugins (50ms)
				BeforeProcessingInitializeOnLoad (68ms)
				ProcessInitializeOnLoadAttributes (217ms)
				ProcessInitializeOnLoadMethodAttributes (19ms)
				AfterProcessingInitializeOnLoad (3ms)
				EditorAssembliesLoaded (0ms)
			ExecutionOrderSort2 (0ms)
			AwakeInstancesAfterBackupRestoration (7ms)
Platform modules already initialized, skipping
========================================================================
Worker process is ready to serve import requests
Launched and connected shader compiler UnityShaderCompiler.exe after 0.06 seconds
Refreshing native plugins compatible for Editor in 0.67 ms, found 3 plugins.
Preloading 0 native plugins for Editor in 0.00 ms.
Unloading 2197 Unused Serialized files (Serialized files now loaded: 0)
System memory in use before: 95.9 MB.
System memory in use after: 96.0 MB.

Unloading 28 unused Assets to reduce memory usage. Loaded Objects now: 2632.
Total: 3.529600 ms (FindLiveObjects: 0.228600 ms CreateObjectMapping: 0.063700 ms MarkObjects: 3.163200 ms  DeleteObjects: 0.072900 ms)

AssetImportParameters requested are different than current active one (requested -> active):
  custom:framework-win-MediaFoundation: 216162199b28c13a410421893ffa2e32 -> 
  custom:video-decoder-ogg-theora: a1e56fd34408186e4bbccfd4996cb3dc -> 
  custom:container-muxer-webm: aa71ff27fc2769a1b78a27578f13a17b -> 
  custom:container-demuxer-webm: 4f35f7cbe854078d1ac9338744f61a02 -> 
  custom:container-demuxer-ogg: 62fdf1f143b41e24485cea50d1cbac27 -> 
  custom:video-encoder-webm-vp8: eb34c28f22e8b96e1ab97ce403110664 -> 
  custom:video-decoder-webm-vp8: 9c59270c3fd7afecdb556c50c9e8de78 -> 
  custom:audio-decoder-ogg-vorbis: bf7c407c2cedff20999df2af8eb42d56 -> 
  custom:audio-encoder-webm-vorbis: bf7c407c2cedff20999df2af8eb42d56 -> 
========================================================================
Received Import Request.
  path: Assets/IndustrialTileset/Characters/PSD/Punk.psd
  artifactKey: Guid(dfce1532e9fca1645b253d0c240de714) Importer(815301076,1909f56bfc062723c751e8b465ee728b)
Start importing Assets/IndustrialTileset/Characters/PSD/Punk.psd using Guid(dfce1532e9fca1645b253d0c240de714) Importer(815301076,1909f56bfc062723c751e8b465ee728b)  -> (artifact id: '1496d91a19c83635c60fe0bcb3c15874') in 0.117330 seconds 
  Import took 0.120871 seconds .

========================================================================
Received Import Request.
  Time since last request: 0.000237 seconds.
  path: Assets/IndustrialTileset/Characters/PSD/Biker.psd
  artifactKey: Guid(034dfceefa468504fbba0ef1c5d41948) Importer(815301076,1909f56bfc062723c751e8b465ee728b)
Start importing Assets/IndustrialTileset/Characters/PSD/Biker.psd using Guid(034dfceefa468504fbba0ef1c5d41948) Importer(815301076,1909f56bfc062723c751e8b465ee728b)  -> (artifact id: '2de0b258e01e54909d210f79c9b06f29') in 0.015731 seconds 
  Import took 0.019169 seconds .

========================================================================
Received Import Request.
  Time since last request: 0.000222 seconds.
  path: Assets/IndustrialTileset/Characters/PSD
  artifactKey: Guid(bd9d0e8c86950b54daafb96275e145b5) Importer(815301076,1909f56bfc062723c751e8b465ee728b)
Start importing Assets/IndustrialTileset/Characters/PSD using Guid(bd9d0e8c86950b54daafb96275e145b5) Importer(815301076,1909f56bfc062723c751e8b465ee728b)  -> (artifact id: '9c1c15961314cd3fe5fb242a0f96204f') in 0.006279 seconds 
  Import took 0.009804 seconds .

========================================================================
Received Import Request.
  Time since last request: 0.000245 seconds.
  path: Assets/IndustrialTileset/Characters/PSD/Cyborg.psd
  artifactKey: Guid(069c3d4cfcf427f439012467a012651b) Importer(815301076,1909f56bfc062723c751e8b465ee728b)
Start importing Assets/IndustrialTileset/Characters/PSD/Cyborg.psd using Guid(069c3d4cfcf427f439012467a012651b) Importer(815301076,1909f56bfc062723c751e8b465ee728b)  -> (artifact id: '4afdbe8326ba6fd088f7748ac3103f90') in 0.013928 seconds 
  Import took 0.017940 seconds .

========================================================================
Received Import Request.
  Time since last request: 29.837991 seconds.
  path: Assets/DreamWorld/Game/Scene/Game.unity
  artifactKey: Guid(84b9e7e09ef179041bd5e042c9b529bf) Importer(815301076,1909f56bfc062723c751e8b465ee728b)
Start importing Assets/DreamWorld/Game/Scene/Game.unity using Guid(84b9e7e09ef179041bd5e042c9b529bf) Importer(815301076,1909f56bfc062723c751e8b465ee728b)  -> (artifact id: '50896803f4bf6608004fcce88ed82f22') in 0.007296 seconds 
  Import took 0.011375 seconds .

========================================================================
Received Import Request.
  Time since last request: 5.775672 seconds.
  path: Assets/DreamWorld/Game/Scene/Game.unity
  artifactKey: Guid(84b9e7e09ef179041bd5e042c9b529bf) Importer(815301076,1909f56bfc062723c751e8b465ee728b)
Start importing Assets/DreamWorld/Game/Scene/Game.unity using Guid(84b9e7e09ef179041bd5e042c9b529bf) Importer(815301076,1909f56bfc062723c751e8b465ee728b)  -> (artifact id: '133940587fe8511ceb8de3fdd4cc4d8a') in 0.002094 seconds 
  Import took 0.006148 seconds .

========================================================================
Received Prepare
Registering precompiled user dll's ...
Registered in 0.003989 seconds.
Begin MonoManager ReloadAssembly
Native extension for WindowsStandalone target not found
Refreshing native plugins compatible for Editor in 0.69 ms, found 3 plugins.
Preloading 0 native plugins for Editor in 0.00 ms.
Mono: successfully reloaded assembly
- Completed reload, in  1.084 seconds
Domain Reload Profiling:
	ReloadAssembly (1085ms)
		BeginReloadAssembly (120ms)
			ExecutionOrderSort (0ms)
			DisableScriptedObjects (7ms)
			BackupInstance (0ms)
			ReleaseScriptingObjects (0ms)
			CreateAndSetChildDomain (44ms)
		EndReloadAssembly (895ms)
			LoadAssemblies (93ms)
			RebuildTransferFunctionScriptingTraits (0ms)
			SetupTypeCache (335ms)
			ReleaseScriptCaches (1ms)
			RebuildScriptCaches (47ms)
			SetupLoadedEditorAssemblies (306ms)
				LogAssemblyErrors (0ms)
				InitializePlatformSupportModulesInManaged (5ms)
				SetLoadedEditorAssemblies (1ms)
				RefreshPlugins (1ms)
				BeforeProcessingInitializeOnLoad (60ms)
				ProcessInitializeOnLoadAttributes (225ms)
				ProcessInitializeOnLoadMethodAttributes (13ms)
				AfterProcessingInitializeOnLoad (3ms)
				EditorAssembliesLoaded (0ms)
			ExecutionOrderSort2 (0ms)
			AwakeInstancesAfterBackupRestoration (10ms)
Platform modules already initialized, skipping
Refreshing native plugins compatible for Editor in 0.72 ms, found 3 plugins.
Preloading 0 native plugins for Editor in 0.00 ms.
Unloading 2188 Unused Serialized files (Serialized files now loaded: 0)
System memory in use before: 98.2 MB.
System memory in use after: 98.4 MB.

Unloading 17 unused Assets to reduce memory usage. Loaded Objects now: 2642.
Total: 3.484500 ms (FindLiveObjects: 0.205100 ms CreateObjectMapping: 0.062000 ms MarkObjects: 3.195100 ms  DeleteObjects: 0.021000 ms)

AssetImportParameters requested are different than current active one (requested -> active):
  custom:framework-win-MediaFoundation: 216162199b28c13a410421893ffa2e32 -> 
  custom:video-decoder-ogg-theora: a1e56fd34408186e4bbccfd4996cb3dc -> 
  custom:container-muxer-webm: aa71ff27fc2769a1b78a27578f13a17b -> 
  custom:container-demuxer-webm: 4f35f7cbe854078d1ac9338744f61a02 -> 
  custom:container-demuxer-ogg: 62fdf1f143b41e24485cea50d1cbac27 -> 
  custom:video-encoder-webm-vp8: eb34c28f22e8b96e1ab97ce403110664 -> 
  custom:video-decoder-webm-vp8: 9c59270c3fd7afecdb556c50c9e8de78 -> 
  custom:audio-decoder-ogg-vorbis: bf7c407c2cedff20999df2af8eb42d56 -> 
  custom:audio-encoder-webm-vorbis: bf7c407c2cedff20999df2af8eb42d56 -> 
========================================================================
Received Import Request.
  Time since last request: 490.382573 seconds.
  path: Assets/Zymmo's Adventure/Materials/Flies.mat
  artifactKey: Guid(89ad1526a036e2544b72054690eb616f) Importer(815301076,1909f56bfc062723c751e8b465ee728b)
Start importing Assets/Zymmo's Adventure/Materials/Flies.mat using Guid(89ad1526a036e2544b72054690eb616f) Importer(815301076,1909f56bfc062723c751e8b465ee728b)  -> (artifact id: '22ca2806ee82a0686e14abe6406ec294') in 0.105824 seconds 
  Import took 0.110857 seconds .

========================================================================
Received Import Request.
  Time since last request: 0.000209 seconds.
  path: Assets/Zymmo's Adventure/Materials/Trail.mat
  artifactKey: Guid(8dfcbcba71a72ec4a904e4fc5ea3732f) Importer(815301076,1909f56bfc062723c751e8b465ee728b)
Start importing Assets/Zymmo's Adventure/Materials/Trail.mat using Guid(8dfcbcba71a72ec4a904e4fc5ea3732f) Importer(815301076,1909f56bfc062723c751e8b465ee728b)  -> (artifact id: '436acb9b4ced5a59ad27ff002d2642f0') in 0.037255 seconds 
  Import took 0.040745 seconds .

========================================================================
Received Import Request.
  Time since last request: 0.794355 seconds.
  path: Assets/Zymmo's Adventure/Sprites/Fly.png
  artifactKey: Guid(a3f71f3af90a2e749b2eeb507ca5082d) Importer(815301076,1909f56bfc062723c751e8b465ee728b)
Start importing Assets/Zymmo's Adventure/Sprites/Fly.png using Guid(a3f71f3af90a2e749b2eeb507ca5082d) Importer(815301076,1909f56bfc062723c751e8b465ee728b)  -> (artifact id: '63440db013e976ed78e4c3b1179882d6') in 0.079839 seconds 
  Import took 0.083569 seconds .

========================================================================
Received Import Request.
  Time since last request: 3.244778 seconds.
  path: Assets/Zymmo's Adventure/Scenes/Demo.unity
  artifactKey: Guid(6890d3e794c43e44195261940bffc46b) Importer(815301076,1909f56bfc062723c751e8b465ee728b)
Start importing Assets/Zymmo's Adventure/Scenes/Demo.unity using Guid(6890d3e794c43e44195261940bffc46b) Importer(815301076,1909f56bfc062723c751e8b465ee728b)  -> (artifact id: '80b861d99cf85ff01f847c45548f25f5') in 0.007202 seconds 
  Import took 0.010858 seconds .

========================================================================
Received Prepare
Registering precompiled user dll's ...
Registered in 0.003989 seconds.
Begin MonoManager ReloadAssembly
Native extension for WindowsStandalone target not found
Refreshing native plugins compatible for Editor in 0.70 ms, found 3 plugins.
Preloading 0 native plugins for Editor in 0.00 ms.
Mono: successfully reloaded assembly
- Completed reload, in  1.064 seconds
Domain Reload Profiling:
	ReloadAssembly (1065ms)
		BeginReloadAssembly (111ms)
			ExecutionOrderSort (0ms)
			DisableScriptedObjects (7ms)
			BackupInstance (0ms)
			ReleaseScriptingObjects (0ms)
			CreateAndSetChildDomain (39ms)
		EndReloadAssembly (888ms)
			LoadAssemblies (90ms)
			RebuildTransferFunctionScriptingTraits (0ms)
			SetupTypeCache (330ms)
			ReleaseScriptCaches (1ms)
			RebuildScriptCaches (48ms)
			SetupLoadedEditorAssemblies (304ms)
				LogAssemblyErrors (0ms)
				InitializePlatformSupportModulesInManaged (5ms)
				SetLoadedEditorAssemblies (1ms)
				RefreshPlugins (1ms)
				BeforeProcessingInitializeOnLoad (60ms)
				ProcessInitializeOnLoadAttributes (222ms)
				ProcessInitializeOnLoadMethodAttributes (13ms)
				AfterProcessingInitializeOnLoad (3ms)
				EditorAssembliesLoaded (0ms)
			ExecutionOrderSort2 (0ms)
			AwakeInstancesAfterBackupRestoration (10ms)
Platform modules already initialized, skipping
Refreshing native plugins compatible for Editor in 0.69 ms, found 3 plugins.
Preloading 0 native plugins for Editor in 0.00 ms.
Unloading 2188 Unused Serialized files (Serialized files now loaded: 0)
System memory in use before: 98.6 MB.
System memory in use after: 98.7 MB.

Unloading 17 unused Assets to reduce memory usage. Loaded Objects now: 2686.
Total: 3.560700 ms (FindLiveObjects: 0.233500 ms CreateObjectMapping: 0.065300 ms MarkObjects: 3.241200 ms  DeleteObjects: 0.019300 ms)

AssetImportParameters requested are different than current active one (requested -> active):
  custom:framework-win-MediaFoundation: 216162199b28c13a410421893ffa2e32 -> 
  custom:video-decoder-ogg-theora: a1e56fd34408186e4bbccfd4996cb3dc -> 
  custom:container-muxer-webm: aa71ff27fc2769a1b78a27578f13a17b -> 
  custom:container-demuxer-webm: 4f35f7cbe854078d1ac9338744f61a02 -> 
  custom:container-demuxer-ogg: 62fdf1f143b41e24485cea50d1cbac27 -> 
  custom:video-encoder-webm-vp8: eb34c28f22e8b96e1ab97ce403110664 -> 
  custom:video-decoder-webm-vp8: 9c59270c3fd7afecdb556c50c9e8de78 -> 
  custom:audio-decoder-ogg-vorbis: bf7c407c2cedff20999df2af8eb42d56 -> 
  custom:audio-encoder-webm-vorbis: bf7c407c2cedff20999df2af8eb42d56 -> 
========================================================================
Received Prepare
Registering precompiled user dll's ...
Registered in 0.003854 seconds.
Begin MonoManager ReloadAssembly
Native extension for WindowsStandalone target not found
Refreshing native plugins compatible for Editor in 0.70 ms, found 3 plugins.
Preloading 0 native plugins for Editor in 0.00 ms.
Mono: successfully reloaded assembly
- Completed reload, in  1.053 seconds
Domain Reload Profiling:
	ReloadAssembly (1053ms)
		BeginReloadAssembly (110ms)
			ExecutionOrderSort (0ms)
			DisableScriptedObjects (7ms)
			BackupInstance (0ms)
			ReleaseScriptingObjects (0ms)
			CreateAndSetChildDomain (37ms)
		EndReloadAssembly (878ms)
			LoadAssemblies (89ms)
			RebuildTransferFunctionScriptingTraits (0ms)
			SetupTypeCache (324ms)
			ReleaseScriptCaches (1ms)
			RebuildScriptCaches (48ms)
			SetupLoadedEditorAssemblies (302ms)
				LogAssemblyErrors (0ms)
				InitializePlatformSupportModulesInManaged (5ms)
				SetLoadedEditorAssemblies (1ms)
				RefreshPlugins (1ms)
				BeforeProcessingInitializeOnLoad (59ms)
				ProcessInitializeOnLoadAttributes (223ms)
				ProcessInitializeOnLoadMethodAttributes (12ms)
				AfterProcessingInitializeOnLoad (3ms)
				EditorAssembliesLoaded (0ms)
			ExecutionOrderSort2 (0ms)
			AwakeInstancesAfterBackupRestoration (10ms)
Platform modules already initialized, skipping
Refreshing native plugins compatible for Editor in 0.68 ms, found 3 plugins.
Preloading 0 native plugins for Editor in 0.00 ms.
Unloading 2188 Unused Serialized files (Serialized files now loaded: 0)
System memory in use before: 98.6 MB.
System memory in use after: 98.8 MB.

Unloading 17 unused Assets to reduce memory usage. Loaded Objects now: 2688.
Total: 3.587700 ms (FindLiveObjects: 0.223200 ms CreateObjectMapping: 0.081300 ms MarkObjects: 3.264800 ms  DeleteObjects: 0.017300 ms)

AssetImportParameters requested are different than current active one (requested -> active):
  custom:framework-win-MediaFoundation: 216162199b28c13a410421893ffa2e32 -> 
  custom:video-decoder-ogg-theora: a1e56fd34408186e4bbccfd4996cb3dc -> 
  custom:container-muxer-webm: aa71ff27fc2769a1b78a27578f13a17b -> 
  custom:container-demuxer-webm: 4f35f7cbe854078d1ac9338744f61a02 -> 
  custom:container-demuxer-ogg: 62fdf1f143b41e24485cea50d1cbac27 -> 
  custom:video-encoder-webm-vp8: eb34c28f22e8b96e1ab97ce403110664 -> 
  custom:video-decoder-webm-vp8: 9c59270c3fd7afecdb556c50c9e8de78 -> 
  custom:audio-decoder-ogg-vorbis: bf7c407c2cedff20999df2af8eb42d56 -> 
  custom:audio-encoder-webm-vorbis: bf7c407c2cedff20999df2af8eb42d56 -> 
========================================================================
Received Import Request.
  Time since last request: 123.022843 seconds.
  path: Assets/Zymmo's Adventure/Scripts/PlayerController.cs
  artifactKey: Guid(229d8c1d1b0aeb843a5765d940a35093) Importer(815301076,1909f56bfc062723c751e8b465ee728b)
Start importing Assets/Zymmo's Adventure/Scripts/PlayerController.cs using Guid(229d8c1d1b0aeb843a5765d940a35093) Importer(815301076,1909f56bfc062723c751e8b465ee728b)  -> (artifact id: '7af007c9d388a257601192158dc76df0') in 0.026993 seconds 
  Import took 0.030704 seconds .

========================================================================
Received Import Request.
  Time since last request: 1.354492 seconds.
  path: Assets/Zymmo's Adventure/Sprites/Background.png
  artifactKey: Guid(66565e9daa27488418cabbca6d522604) Importer(815301076,1909f56bfc062723c751e8b465ee728b)
Start importing Assets/Zymmo's Adventure/Sprites/Background.png using Guid(66565e9daa27488418cabbca6d522604) Importer(815301076,1909f56bfc062723c751e8b465ee728b)  -> (artifact id: '42663a1e5f7866fe6ec843ff14c1b012') in 0.064066 seconds 
  Import took 0.067680 seconds .

========================================================================
Received Import Request.
  Time since last request: 0.000189 seconds.
  path: Assets/Zymmo's Adventure/Sprites/Eye.png
  artifactKey: Guid(031e9ec546a8b2049b505465180f0bcf) Importer(815301076,1909f56bfc062723c751e8b465ee728b)
Start importing Assets/Zymmo's Adventure/Sprites/Eye.png using Guid(031e9ec546a8b2049b505465180f0bcf) Importer(815301076,1909f56bfc062723c751e8b465ee728b)  -> (artifact id: '2294f2d2cbc1d443eb7aa2e842748fbf') in 0.014796 seconds 
  Import took 0.018018 seconds .

========================================================================
Received Import Request.
  Time since last request: 0.000189 seconds.
  path: Assets/Zymmo's Adventure/Sprites/HomeWindowsLighting.png
  artifactKey: Guid(5e9651523b555fc40bfc689d8b3b6bf2) Importer(815301076,1909f56bfc062723c751e8b465ee728b)
Start importing Assets/Zymmo's Adventure/Sprites/HomeWindowsLighting.png using Guid(5e9651523b555fc40bfc689d8b3b6bf2) Importer(815301076,1909f56bfc062723c751e8b465ee728b)  -> (artifact id: '3d13d7178573a20eb478e6ed425c131f') in 0.014965 seconds 
  Import took 0.018332 seconds .

========================================================================
Received Import Request.
  Time since last request: 0.000182 seconds.
  path: Assets/Zymmo's Adventure/Sprites/Ground.png
  artifactKey: Guid(9bea855097e8eb34ea9c9129b376816c) Importer(815301076,1909f56bfc062723c751e8b465ee728b)
Start importing Assets/Zymmo's Adventure/Sprites/Ground.png using Guid(9bea855097e8eb34ea9c9129b376816c) Importer(815301076,1909f56bfc062723c751e8b465ee728b)  -> (artifact id: '6c850dbedfeb70bbd1080fc821bd8691') in 0.014958 seconds 
  Import took 0.019089 seconds .

========================================================================
Received Import Request.
  Time since last request: 0.000173 seconds.
  path: Assets/Zymmo's Adventure/Sprites/Resources.png
  artifactKey: Guid(69cffdf19ae70d34790e7db28591e8d1) Importer(815301076,1909f56bfc062723c751e8b465ee728b)
Start importing Assets/Zymmo's Adventure/Sprites/Resources.png using Guid(69cffdf19ae70d34790e7db28591e8d1) Importer(815301076,1909f56bfc062723c751e8b465ee728b)  -> (artifact id: 'c965c1162ee9aa345c8dfd375f5eb325') in 0.147893 seconds 
  Import took 0.151931 seconds .

========================================================================
Received Prepare
Registering precompiled user dll's ...
Registered in 0.003968 seconds.
Begin MonoManager ReloadAssembly
Native extension for WindowsStandalone target not found
Refreshing native plugins compatible for Editor in 0.86 ms, found 3 plugins.
Preloading 0 native plugins for Editor in 0.00 ms.
Mono: successfully reloaded assembly
- Completed reload, in  1.081 seconds
Domain Reload Profiling:
	ReloadAssembly (1082ms)
		BeginReloadAssembly (118ms)
			ExecutionOrderSort (0ms)
			DisableScriptedObjects (7ms)
			BackupInstance (0ms)
			ReleaseScriptingObjects (0ms)
			CreateAndSetChildDomain (44ms)
		EndReloadAssembly (891ms)
			LoadAssemblies (93ms)
			RebuildTransferFunctionScriptingTraits (0ms)
			SetupTypeCache (320ms)
			ReleaseScriptCaches (1ms)
			RebuildScriptCaches (49ms)
			SetupLoadedEditorAssemblies (307ms)
				LogAssemblyErrors (0ms)
				InitializePlatformSupportModulesInManaged (6ms)
				SetLoadedEditorAssemblies (1ms)
				RefreshPlugins (1ms)
				BeforeProcessingInitializeOnLoad (61ms)
				ProcessInitializeOnLoadAttributes (224ms)
				ProcessInitializeOnLoadMethodAttributes (12ms)
				AfterProcessingInitializeOnLoad (3ms)
				EditorAssembliesLoaded (0ms)
			ExecutionOrderSort2 (0ms)
			AwakeInstancesAfterBackupRestoration (10ms)
Platform modules already initialized, skipping
Refreshing native plugins compatible for Editor in 0.69 ms, found 3 plugins.
Preloading 0 native plugins for Editor in 0.00 ms.
Unloading 2188 Unused Serialized files (Serialized files now loaded: 0)
System memory in use before: 98.9 MB.
System memory in use after: 99.1 MB.

Unloading 17 unused Assets to reduce memory usage. Loaded Objects now: 2767.
Total: 3.432200 ms (FindLiveObjects: 0.242000 ms CreateObjectMapping: 0.069900 ms MarkObjects: 3.102000 ms  DeleteObjects: 0.017100 ms)

AssetImportParameters requested are different than current active one (requested -> active):
  custom:framework-win-MediaFoundation: 216162199b28c13a410421893ffa2e32 -> 
  custom:video-decoder-ogg-theora: a1e56fd34408186e4bbccfd4996cb3dc -> 
  custom:container-muxer-webm: aa71ff27fc2769a1b78a27578f13a17b -> 
  custom:container-demuxer-webm: 4f35f7cbe854078d1ac9338744f61a02 -> 
  custom:container-demuxer-ogg: 62fdf1f143b41e24485cea50d1cbac27 -> 
  custom:video-encoder-webm-vp8: eb34c28f22e8b96e1ab97ce403110664 -> 
  custom:video-decoder-webm-vp8: 9c59270c3fd7afecdb556c50c9e8de78 -> 
  custom:audio-decoder-ogg-vorbis: bf7c407c2cedff20999df2af8eb42d56 -> 
  custom:audio-encoder-webm-vorbis: bf7c407c2cedff20999df2af8eb42d56 -> 
========================================================================
Received Import Request.
  Time since last request: 25.035331 seconds.
  path: Assets/Zymmo's Adventure/Sources/ground.svg
  artifactKey: Guid(5612b0ddf909e8f41bea580aa0d2a8a2) Importer(815301076,1909f56bfc062723c751e8b465ee728b)
Start importing Assets/Zymmo's Adventure/Sources/ground.svg using Guid(5612b0ddf909e8f41bea580aa0d2a8a2) Importer(815301076,1909f56bfc062723c751e8b465ee728b)  -> (artifact id: '6176e96d54a2f1848ead919f2e1a8346') in 0.021429 seconds 
  Import took 0.025202 seconds .

========================================================================
Received Import Request.
  Time since last request: 0.966732 seconds.
  path: Assets/Zymmo's Adventure/Sources/logo.svg
  artifactKey: Guid(9bc404ac471bdd74a8e88e34d311182c) Importer(815301076,1909f56bfc062723c751e8b465ee728b)
Start importing Assets/Zymmo's Adventure/Sources/logo.svg using Guid(9bc404ac471bdd74a8e88e34d311182c) Importer(815301076,1909f56bfc062723c751e8b465ee728b)  -> (artifact id: '3a49e6ad09e1f917eff8a79ff0758cfd') in 0.006886 seconds 
  Import took 0.010509 seconds .

========================================================================
Received Import Request.
  Time since last request: 0.720058 seconds.
  path: Assets/Zymmo's Adventure/Sources/res.svg
  artifactKey: Guid(80095c45b91d4de408aae1e2ebf39bc2) Importer(815301076,1909f56bfc062723c751e8b465ee728b)
Start importing Assets/Zymmo's Adventure/Sources/res.svg using Guid(80095c45b91d4de408aae1e2ebf39bc2) Importer(815301076,1909f56bfc062723c751e8b465ee728b)  -> (artifact id: '326ad242f38e2c919947ef8d3bf463f3') in 0.006528 seconds 
  Import took 0.010187 seconds .

========================================================================
Received Import Request.
  Time since last request: 8.656169 seconds.
  path: Assets/Zymmo's Adventure/Scripts/PlayerCamera.cs
  artifactKey: Guid(46276705017f1824fb3f31d600af090f) Importer(815301076,1909f56bfc062723c751e8b465ee728b)
Start importing Assets/Zymmo's Adventure/Scripts/PlayerCamera.cs using Guid(46276705017f1824fb3f31d600af090f) Importer(815301076,1909f56bfc062723c751e8b465ee728b)  -> (artifact id: '8c4d190fed44b020ba28062fafb75772') in 0.007224 seconds 
  Import took 0.010955 seconds .

========================================================================
Received Prepare
Registering precompiled user dll's ...
Registered in 0.003842 seconds.
Begin MonoManager ReloadAssembly
Native extension for WindowsStandalone target not found
Refreshing native plugins compatible for Editor in 0.69 ms, found 3 plugins.
Preloading 0 native plugins for Editor in 0.00 ms.
Mono: successfully reloaded assembly
- Completed reload, in  1.065 seconds
Domain Reload Profiling:
	ReloadAssembly (1065ms)
		BeginReloadAssembly (114ms)
			ExecutionOrderSort (0ms)
			DisableScriptedObjects (7ms)
			BackupInstance (0ms)
			ReleaseScriptingObjects (0ms)
			CreateAndSetChildDomain (40ms)
		EndReloadAssembly (884ms)
			LoadAssemblies (94ms)
			RebuildTransferFunctionScriptingTraits (0ms)
			SetupTypeCache (324ms)
			ReleaseScriptCaches (1ms)
			RebuildScriptCaches (48ms)
			SetupLoadedEditorAssemblies (302ms)
				LogAssemblyErrors (0ms)
				InitializePlatformSupportModulesInManaged (5ms)
				SetLoadedEditorAssemblies (1ms)
				RefreshPlugins (1ms)
				BeforeProcessingInitializeOnLoad (59ms)
				ProcessInitializeOnLoadAttributes (222ms)
				ProcessInitializeOnLoadMethodAttributes (13ms)
				AfterProcessingInitializeOnLoad (3ms)
				EditorAssembliesLoaded (0ms)
			ExecutionOrderSort2 (0ms)
			AwakeInstancesAfterBackupRestoration (10ms)
Platform modules already initialized, skipping
Refreshing native plugins compatible for Editor in 0.68 ms, found 3 plugins.
Preloading 0 native plugins for Editor in 0.00 ms.
Unloading 2186 Unused Serialized files (Serialized files now loaded: 0)
System memory in use before: 98.8 MB.
System memory in use after: 99.1 MB.

Unloading 19 unused Assets to reduce memory usage. Loaded Objects now: 2767.
Total: 3.616100 ms (FindLiveObjects: 0.242300 ms CreateObjectMapping: 0.072800 ms MarkObjects: 3.274500 ms  DeleteObjects: 0.025700 ms)

AssetImportParameters requested are different than current active one (requested -> active):
  custom:framework-win-MediaFoundation: 216162199b28c13a410421893ffa2e32 -> 
  custom:video-decoder-ogg-theora: a1e56fd34408186e4bbccfd4996cb3dc -> 
  custom:container-muxer-webm: aa71ff27fc2769a1b78a27578f13a17b -> 
  custom:container-demuxer-webm: 4f35f7cbe854078d1ac9338744f61a02 -> 
  custom:container-demuxer-ogg: 62fdf1f143b41e24485cea50d1cbac27 -> 
  custom:video-encoder-webm-vp8: eb34c28f22e8b96e1ab97ce403110664 -> 
  custom:video-decoder-webm-vp8: 9c59270c3fd7afecdb556c50c9e8de78 -> 
  custom:audio-decoder-ogg-vorbis: bf7c407c2cedff20999df2af8eb42d56 -> 
  custom:audio-encoder-webm-vorbis: bf7c407c2cedff20999df2af8eb42d56 -> 
AssetImportWorkerClient::OnTransportError - code=2 error=End of file
