Using pre-set license
Built from '2020.3/staging' branch; Version is '2020.3.26f1 (7298b473bc1a) revision 7510196'; Using compiler version '192528614'; Build Type 'Release'
OS: 'Windows 10  (10.0.18363) 64bit Core' Language: 'es' Physical Memory: 16335 MB
BatchMode: 1, IsHumanControllingUs: 0, StartBugReporterOnCrash: 0, Is64bit: 1, IsPro: 0

COMMAND LINE ARGUMENTS:
G:\Programs\Unity 2020.3.26f1\Editor\Unity.exe
-adb2
-batchMode
-noUpm
-name
AssetImportWorker0
-projectPath
G:/MyGames/CyberRunner2D
-logFile
Logs/AssetImportWorker0.log
-srvPort
52410
Successfully changed project path to: G:/MyGames/CyberRunner2D
G:/MyGames/CyberRunner2D
Using Asset Import Pipeline V2.
Refreshing native plugins compatible for Editor in 52.69 ms, found 3 plugins.
Preloading 0 native plugins for Editor in 0.00 ms.
Initialize engine version: 2020.3.26f1 (7298b473bc1a)
[Subsystems] Discovering subsystems at path G:/Programs/Unity 2020.3.26f1/Editor/Data/Resources/UnitySubsystems
[Subsystems] Discovering subsystems at path G:/MyGames/CyberRunner2D/Assets
GfxDevice: creating device client; threaded=0
Direct3D:
    Version:  Direct3D 11.0 [level 11.1]
    Renderer: NVIDIA GeForce GTX 1060 6GB (ID=0x1c03)
    Vendor:   
    VRAM:     6052 MB
    Driver:   27.21.14.5751
Initialize mono
Mono path[0] = 'G:/Programs/Unity 2020.3.26f1/Editor/Data/Managed'
Mono path[1] = 'G:/Programs/Unity 2020.3.26f1/Editor/Data/MonoBleedingEdge/lib/mono/unityjit'
Mono config path = 'G:/Programs/Unity 2020.3.26f1/Editor/Data/MonoBleedingEdge/etc'
Using monoOptions --debugger-agent=transport=dt_socket,embedding=1,server=y,suspend=n,address=127.0.0.1:56556
Begin MonoManager ReloadAssembly
Registering precompiled unity dll's ...
Register platform support module: G:/Programs/Unity 2020.3.26f1/Editor/Data/PlaybackEngines/WindowsStandaloneSupport/UnityEditor.WindowsStandalone.Extensions.dll
Registered in 0.001137 seconds.
Native extension for WindowsStandalone target not found
Refreshing native plugins compatible for Editor in 53.40 ms, found 3 plugins.
Preloading 0 native plugins for Editor in 0.00 ms.
Mono: successfully reloaded assembly
- Completed reload, in  0.627 seconds
Domain Reload Profiling:
	ReloadAssembly (627ms)
		BeginReloadAssembly (54ms)
			ExecutionOrderSort (0ms)
			DisableScriptedObjects (0ms)
			BackupInstance (0ms)
			ReleaseScriptingObjects (0ms)
			CreateAndSetChildDomain (1ms)
		EndReloadAssembly (494ms)
			LoadAssemblies (53ms)
			RebuildTransferFunctionScriptingTraits (0ms)
			SetupTypeCache (166ms)
			ReleaseScriptCaches (0ms)
			RebuildScriptCaches (33ms)
			SetupLoadedEditorAssemblies (195ms)
				LogAssemblyErrors (0ms)
				InitializePlatformSupportModulesInManaged (5ms)
				SetLoadedEditorAssemblies (0ms)
				RefreshPlugins (53ms)
				BeforeProcessingInitializeOnLoad (9ms)
				ProcessInitializeOnLoadAttributes (95ms)
				ProcessInitializeOnLoadMethodAttributes (33ms)
				AfterProcessingInitializeOnLoad (0ms)
				EditorAssembliesLoaded (0ms)
			ExecutionOrderSort2 (0ms)
			AwakeInstancesAfterBackupRestoration (0ms)
Platform modules already initialized, skipping
Registering precompiled user dll's ...
Registered in 0.004133 seconds.
Begin MonoManager ReloadAssembly
Native extension for WindowsStandalone target not found
Refreshing native plugins compatible for Editor in 52.35 ms, found 3 plugins.
Preloading 0 native plugins for Editor in 0.00 ms.
Mono: successfully reloaded assembly
- Completed reload, in  1.201 seconds
Domain Reload Profiling:
	ReloadAssembly (1202ms)
		BeginReloadAssembly (160ms)
			ExecutionOrderSort (0ms)
			DisableScriptedObjects (6ms)
			BackupInstance (0ms)
			ReleaseScriptingObjects (0ms)
			CreateAndSetChildDomain (20ms)
		EndReloadAssembly (976ms)
			LoadAssemblies (96ms)
			RebuildTransferFunctionScriptingTraits (0ms)
			SetupTypeCache (335ms)
			ReleaseScriptCaches (1ms)
			RebuildScriptCaches (53ms)
			SetupLoadedEditorAssemblies (362ms)
				LogAssemblyErrors (0ms)
				InitializePlatformSupportModulesInManaged (4ms)
				SetLoadedEditorAssemblies (0ms)
				RefreshPlugins (52ms)
				BeforeProcessingInitializeOnLoad (68ms)
				ProcessInitializeOnLoadAttributes (216ms)
				ProcessInitializeOnLoadMethodAttributes (19ms)
				AfterProcessingInitializeOnLoad (3ms)
				EditorAssembliesLoaded (0ms)
			ExecutionOrderSort2 (0ms)
			AwakeInstancesAfterBackupRestoration (7ms)
Platform modules already initialized, skipping
========================================================================
Worker process is ready to serve import requests
Launched and connected shader compiler UnityShaderCompiler.exe after 0.06 seconds
Refreshing native plugins compatible for Editor in 0.71 ms, found 3 plugins.
Preloading 0 native plugins for Editor in 0.00 ms.
Unloading 2197 Unused Serialized files (Serialized files now loaded: 0)
System memory in use before: 96.0 MB.
System memory in use after: 96.1 MB.

Unloading 28 unused Assets to reduce memory usage. Loaded Objects now: 2634.
Total: 3.482800 ms (FindLiveObjects: 0.226500 ms CreateObjectMapping: 0.064600 ms MarkObjects: 3.119200 ms  DeleteObjects: 0.071400 ms)

AssetImportParameters requested are different than current active one (requested -> active):
  custom:framework-win-MediaFoundation: 216162199b28c13a410421893ffa2e32 -> 
  custom:video-decoder-ogg-theora: a1e56fd34408186e4bbccfd4996cb3dc -> 
  custom:container-muxer-webm: aa71ff27fc2769a1b78a27578f13a17b -> 
  custom:container-demuxer-webm: 4f35f7cbe854078d1ac9338744f61a02 -> 
  custom:container-demuxer-ogg: 62fdf1f143b41e24485cea50d1cbac27 -> 
  custom:video-encoder-webm-vp8: eb34c28f22e8b96e1ab97ce403110664 -> 
  custom:video-decoder-webm-vp8: 9c59270c3fd7afecdb556c50c9e8de78 -> 
  custom:audio-decoder-ogg-vorbis: bf7c407c2cedff20999df2af8eb42d56 -> 
  custom:audio-encoder-webm-vorbis: bf7c407c2cedff20999df2af8eb42d56 -> 
========================================================================
Received Import Request.
  path: Assets/CyberRunner/Game/Scene/Game.unity
  artifactKey: Guid(84b9e7e09ef179041bd5e042c9b529bf) Importer(815301076,1909f56bfc062723c751e8b465ee728b)
Start importing Assets/CyberRunner/Game/Scene/Game.unity using Guid(84b9e7e09ef179041bd5e042c9b529bf) Importer(815301076,1909f56bfc062723c751e8b465ee728b)  -> (artifact id: 'd6cf9251c1bc67bbe2e1ab7c305a8f4e') in 0.019686 seconds 
  Import took 0.022991 seconds .

========================================================================
Received Import Request.
  Time since last request: 113.103908 seconds.
  path: Packages/com.unity.2d.tilemap/Editor/Unity.2D.Tilemap.Editor.asmdef
  artifactKey: Guid(3a9781db4804a9945b9883f3a7c46d45) Importer(815301076,1909f56bfc062723c751e8b465ee728b)
Start importing Packages/com.unity.2d.tilemap/Editor/Unity.2D.Tilemap.Editor.asmdef using Guid(3a9781db4804a9945b9883f3a7c46d45) Importer(815301076,1909f56bfc062723c751e8b465ee728b)  -> (artifact id: '86df9f85098986b5c3bc9f164a1f4748') in 0.036782 seconds 
  Import took 0.040243 seconds .

========================================================================
Received Import Request.
  Time since last request: 190.060733 seconds.
  path: Assets/GraphicAssets/IndustrialWorld/1 Tiles/Palette/TilesPalette.prefab
  artifactKey: Guid(95ed8cd40481def40a073bcd5e1d8929) Importer(815301076,1909f56bfc062723c751e8b465ee728b)
Start importing Assets/GraphicAssets/IndustrialWorld/1 Tiles/Palette/TilesPalette.prefab using Guid(95ed8cd40481def40a073bcd5e1d8929) Importer(815301076,1909f56bfc062723c751e8b465ee728b)  -> (artifact id: '06b7a50acb79adbe0e915b27e3c7f073') in 0.115634 seconds 
  Import took 0.120786 seconds .

========================================================================
Received Import Request.
  Time since last request: 13.483883 seconds.
  path: Assets/GraphicAssets/IndustrialWorld/1 Tiles/Palette/TilesPalette.prefab
  artifactKey: Guid(95ed8cd40481def40a073bcd5e1d8929) Importer(815301076,1909f56bfc062723c751e8b465ee728b)
Start importing Assets/GraphicAssets/IndustrialWorld/1 Tiles/Palette/TilesPalette.prefab using Guid(95ed8cd40481def40a073bcd5e1d8929) Importer(815301076,1909f56bfc062723c751e8b465ee728b)  -> (artifact id: 'bd845e0efad89c5544a92c4b4c9018f0') in 0.040127 seconds 
  Import took 0.045255 seconds .

========================================================================
Received Import Request.
  Time since last request: 21.279440 seconds.
  path: Assets/GraphicAssets/IndustrialWorld/1 Tiles/Palette/TilesPalette.prefab
  artifactKey: Guid(95ed8cd40481def40a073bcd5e1d8929) Importer(815301076,1909f56bfc062723c751e8b465ee728b)
Start importing Assets/GraphicAssets/IndustrialWorld/1 Tiles/Palette/TilesPalette.prefab using Guid(95ed8cd40481def40a073bcd5e1d8929) Importer(815301076,1909f56bfc062723c751e8b465ee728b)  -> (artifact id: '3e343e87265bfdc7b4563ed5156d0669') in 0.040731 seconds 
  Import took 0.045641 seconds .

========================================================================
Received Import Request.
  Time since last request: 1.966697 seconds.
  path: Assets/GraphicAssets/IndustrialWorld/1 Tiles/Palette/TilesPalette.prefab
  artifactKey: Guid(95ed8cd40481def40a073bcd5e1d8929) Importer(815301076,1909f56bfc062723c751e8b465ee728b)
Start importing Assets/GraphicAssets/IndustrialWorld/1 Tiles/Palette/TilesPalette.prefab using Guid(95ed8cd40481def40a073bcd5e1d8929) Importer(815301076,1909f56bfc062723c751e8b465ee728b)  -> (artifact id: '33a2bc1b5b904581ebfafebf1e10dbc1') in 0.039102 seconds 
  Import took 0.044047 seconds .

========================================================================
Received Import Request.
  Time since last request: 11.054348 seconds.
  path: Assets/GraphicAssets/IndustrialWorld/1 Tiles/Palette/TilesPalette.prefab
  artifactKey: Guid(95ed8cd40481def40a073bcd5e1d8929) Importer(815301076,1909f56bfc062723c751e8b465ee728b)
Start importing Assets/GraphicAssets/IndustrialWorld/1 Tiles/Palette/TilesPalette.prefab using Guid(95ed8cd40481def40a073bcd5e1d8929) Importer(815301076,1909f56bfc062723c751e8b465ee728b)  -> (artifact id: '5c8e3660c4ddbdb9648de307dde05aa9') in 0.038545 seconds 
  Import took 0.043514 seconds .

========================================================================
Received Import Request.
  Time since last request: 4.396950 seconds.
  path: Assets/GraphicAssets/IndustrialWorld/1 Tiles/Palette/TilesPalette.prefab
  artifactKey: Guid(95ed8cd40481def40a073bcd5e1d8929) Importer(815301076,1909f56bfc062723c751e8b465ee728b)
Start importing Assets/GraphicAssets/IndustrialWorld/1 Tiles/Palette/TilesPalette.prefab using Guid(95ed8cd40481def40a073bcd5e1d8929) Importer(815301076,1909f56bfc062723c751e8b465ee728b)  -> (artifact id: '8cd707aadb3e21a4c067acf701bf2b82') in 0.057089 seconds 
  Import took 0.062418 seconds .

========================================================================
Received Import Request.
  Time since last request: 3.547841 seconds.
  path: Assets/GraphicAssets/IndustrialWorld/1 Tiles/Palette/TilesPalette.prefab
  artifactKey: Guid(95ed8cd40481def40a073bcd5e1d8929) Importer(815301076,1909f56bfc062723c751e8b465ee728b)
Start importing Assets/GraphicAssets/IndustrialWorld/1 Tiles/Palette/TilesPalette.prefab using Guid(95ed8cd40481def40a073bcd5e1d8929) Importer(815301076,1909f56bfc062723c751e8b465ee728b)  -> (artifact id: '2dce9fbc5a06e95e41487daaae487ee4') in 0.052751 seconds 
  Import took 0.058168 seconds .

========================================================================
Received Import Request.
  Time since last request: 1.750774 seconds.
  path: Assets/GraphicAssets/IndustrialWorld/1 Tiles/Palette/TilesPalette.prefab
  artifactKey: Guid(95ed8cd40481def40a073bcd5e1d8929) Importer(815301076,1909f56bfc062723c751e8b465ee728b)
Start importing Assets/GraphicAssets/IndustrialWorld/1 Tiles/Palette/TilesPalette.prefab using Guid(95ed8cd40481def40a073bcd5e1d8929) Importer(815301076,1909f56bfc062723c751e8b465ee728b)  -> (artifact id: 'a1e0b94f2481f943066ea5f904c241c1') in 0.052010 seconds 
  Import took 0.057395 seconds .

========================================================================
Received Import Request.
  Time since last request: 19.048671 seconds.
  path: Assets/GraphicAssets/IndustrialWorld/1 Tiles/Palette/TilesPalette.prefab
  artifactKey: Guid(95ed8cd40481def40a073bcd5e1d8929) Importer(815301076,1909f56bfc062723c751e8b465ee728b)
Start importing Assets/GraphicAssets/IndustrialWorld/1 Tiles/Palette/TilesPalette.prefab using Guid(95ed8cd40481def40a073bcd5e1d8929) Importer(815301076,1909f56bfc062723c751e8b465ee728b)  -> (artifact id: '4bada3c13a61a54b2223c90b57ffa7bf') in 0.039498 seconds 
  Import took 0.044471 seconds .

========================================================================
Received Import Request.
  Time since last request: 10.441997 seconds.
  path: Assets/GraphicAssets/IndustrialWorld/1 Tiles/Palette/TilesPalette.prefab
  artifactKey: Guid(95ed8cd40481def40a073bcd5e1d8929) Importer(815301076,1909f56bfc062723c751e8b465ee728b)
Start importing Assets/GraphicAssets/IndustrialWorld/1 Tiles/Palette/TilesPalette.prefab using Guid(95ed8cd40481def40a073bcd5e1d8929) Importer(815301076,1909f56bfc062723c751e8b465ee728b)  -> (artifact id: '9d3173bdb51bc433d94b6bb66ef1aac4') in 0.051334 seconds 
  Import took 0.056655 seconds .

========================================================================
Received Import Request.
  Time since last request: 2.708157 seconds.
  path: Assets/GraphicAssets/IndustrialWorld/1 Tiles/Palette/TilesPalette.prefab
  artifactKey: Guid(95ed8cd40481def40a073bcd5e1d8929) Importer(815301076,1909f56bfc062723c751e8b465ee728b)
Start importing Assets/GraphicAssets/IndustrialWorld/1 Tiles/Palette/TilesPalette.prefab using Guid(95ed8cd40481def40a073bcd5e1d8929) Importer(815301076,1909f56bfc062723c751e8b465ee728b)  -> (artifact id: 'edb1d37a03fafefe2c748681cce14742') in 0.051315 seconds 
  Import took 0.056643 seconds .

========================================================================
Received Import Request.
  Time since last request: 4.234627 seconds.
  path: Assets/GraphicAssets/IndustrialWorld/1 Tiles/Palette/TilesPalette.prefab
  artifactKey: Guid(95ed8cd40481def40a073bcd5e1d8929) Importer(815301076,1909f56bfc062723c751e8b465ee728b)
Start importing Assets/GraphicAssets/IndustrialWorld/1 Tiles/Palette/TilesPalette.prefab using Guid(95ed8cd40481def40a073bcd5e1d8929) Importer(815301076,1909f56bfc062723c751e8b465ee728b)  -> (artifact id: 'aae17ea56d9db006f39aa12e4f98f504') in 0.051439 seconds 
  Import took 0.056880 seconds .

========================================================================
Received Import Request.
  Time since last request: 10.264682 seconds.
  path: Assets/GraphicAssets/IndustrialWorld/1 Tiles/Palette/TilesPalette.prefab
  artifactKey: Guid(95ed8cd40481def40a073bcd5e1d8929) Importer(815301076,1909f56bfc062723c751e8b465ee728b)
Start importing Assets/GraphicAssets/IndustrialWorld/1 Tiles/Palette/TilesPalette.prefab using Guid(95ed8cd40481def40a073bcd5e1d8929) Importer(815301076,1909f56bfc062723c751e8b465ee728b)  -> (artifact id: 'ec3f8581758f9d14520f0d9f46d402f5') in 0.050961 seconds 
  Import took 0.056417 seconds .

========================================================================
Received Import Request.
  Time since last request: 7.598130 seconds.
  path: Assets/GraphicAssets/IndustrialWorld/1 Tiles/Palette/TilesPalette.prefab
  artifactKey: Guid(95ed8cd40481def40a073bcd5e1d8929) Importer(815301076,1909f56bfc062723c751e8b465ee728b)
Start importing Assets/GraphicAssets/IndustrialWorld/1 Tiles/Palette/TilesPalette.prefab using Guid(95ed8cd40481def40a073bcd5e1d8929) Importer(815301076,1909f56bfc062723c751e8b465ee728b)  -> (artifact id: '17e3cc6b794507b6bba71f419191cec8') in 0.052343 seconds 
  Import took 0.057718 seconds .

========================================================================
Received Import Request.
  Time since last request: 18.712061 seconds.
  path: Assets/GraphicAssets/IndustrialWorld/1 Tiles/Palette/TilesPalette.prefab
  artifactKey: Guid(95ed8cd40481def40a073bcd5e1d8929) Importer(815301076,1909f56bfc062723c751e8b465ee728b)
Start importing Assets/GraphicAssets/IndustrialWorld/1 Tiles/Palette/TilesPalette.prefab using Guid(95ed8cd40481def40a073bcd5e1d8929) Importer(815301076,1909f56bfc062723c751e8b465ee728b)  -> (artifact id: '6aca60632b4eaf0d3af401adf6184b17') in 0.052153 seconds 
  Import took 0.057485 seconds .

========================================================================
Received Import Request.
  Time since last request: 2.966158 seconds.
  path: Assets/GraphicAssets/IndustrialWorld/1 Tiles/Palette/TilesPalette.prefab
  artifactKey: Guid(95ed8cd40481def40a073bcd5e1d8929) Importer(815301076,1909f56bfc062723c751e8b465ee728b)
Start importing Assets/GraphicAssets/IndustrialWorld/1 Tiles/Palette/TilesPalette.prefab using Guid(95ed8cd40481def40a073bcd5e1d8929) Importer(815301076,1909f56bfc062723c751e8b465ee728b)  -> (artifact id: 'bd8f988d12f2eb37a13f8147695f40a0') in 0.051173 seconds 
  Import took 0.056607 seconds .

========================================================================
Received Import Request.
  Time since last request: 7.539167 seconds.
  path: Assets/GraphicAssets/IndustrialWorld/1 Tiles/Palette/TilesPalette.prefab
  artifactKey: Guid(95ed8cd40481def40a073bcd5e1d8929) Importer(815301076,1909f56bfc062723c751e8b465ee728b)
Start importing Assets/GraphicAssets/IndustrialWorld/1 Tiles/Palette/TilesPalette.prefab using Guid(95ed8cd40481def40a073bcd5e1d8929) Importer(815301076,1909f56bfc062723c751e8b465ee728b)  -> (artifact id: 'c9f4ae2f5557f58eef51a3c66b76a424') in 0.051934 seconds 
  Import took 0.057297 seconds .

========================================================================
Received Import Request.
  Time since last request: 3.200529 seconds.
  path: Assets/GraphicAssets/IndustrialWorld/1 Tiles/Palette/TilesPalette.prefab
  artifactKey: Guid(95ed8cd40481def40a073bcd5e1d8929) Importer(815301076,1909f56bfc062723c751e8b465ee728b)
Start importing Assets/GraphicAssets/IndustrialWorld/1 Tiles/Palette/TilesPalette.prefab using Guid(95ed8cd40481def40a073bcd5e1d8929) Importer(815301076,1909f56bfc062723c751e8b465ee728b)  -> (artifact id: '1ae1b109ac15dafe6b34997267e9af7e') in 0.052586 seconds 
  Import took 0.057966 seconds .

========================================================================
Received Import Request.
  Time since last request: 5.458762 seconds.
  path: Assets/GraphicAssets/IndustrialWorld/1 Tiles/Palette/TilesPalette.prefab
  artifactKey: Guid(95ed8cd40481def40a073bcd5e1d8929) Importer(815301076,1909f56bfc062723c751e8b465ee728b)
Start importing Assets/GraphicAssets/IndustrialWorld/1 Tiles/Palette/TilesPalette.prefab using Guid(95ed8cd40481def40a073bcd5e1d8929) Importer(815301076,1909f56bfc062723c751e8b465ee728b)  -> (artifact id: 'a24027d32935d60fb40c76431c72985b') in 0.041799 seconds 
  Import took 0.046842 seconds .

========================================================================
Received Import Request.
  Time since last request: 22.611689 seconds.
  path: Assets/GraphicAssets/IndustrialWorld/1 Tiles/Palette/TilesPalette.prefab
  artifactKey: Guid(95ed8cd40481def40a073bcd5e1d8929) Importer(815301076,1909f56bfc062723c751e8b465ee728b)
Start importing Assets/GraphicAssets/IndustrialWorld/1 Tiles/Palette/TilesPalette.prefab using Guid(95ed8cd40481def40a073bcd5e1d8929) Importer(815301076,1909f56bfc062723c751e8b465ee728b)  -> (artifact id: '82d1437baf04f084b22fde8a8860dddc') in 0.056002 seconds 
  Import took 0.061414 seconds .

========================================================================
Received Import Request.
  Time since last request: 11.028124 seconds.
  path: Assets/GraphicAssets/IndustrialWorld/1 Tiles/Palette/TilesPalette.prefab
  artifactKey: Guid(95ed8cd40481def40a073bcd5e1d8929) Importer(815301076,1909f56bfc062723c751e8b465ee728b)
Start importing Assets/GraphicAssets/IndustrialWorld/1 Tiles/Palette/TilesPalette.prefab using Guid(95ed8cd40481def40a073bcd5e1d8929) Importer(815301076,1909f56bfc062723c751e8b465ee728b)  -> (artifact id: '6a60f178fac98dd58b22d387711a84ed') in 0.052460 seconds 
  Import took 0.057867 seconds .

========================================================================
Received Import Request.
  Time since last request: 8.910709 seconds.
  path: Assets/GraphicAssets/IndustrialWorld/1 Tiles/Palette/TilesPalette.prefab
  artifactKey: Guid(95ed8cd40481def40a073bcd5e1d8929) Importer(815301076,1909f56bfc062723c751e8b465ee728b)
Start importing Assets/GraphicAssets/IndustrialWorld/1 Tiles/Palette/TilesPalette.prefab using Guid(95ed8cd40481def40a073bcd5e1d8929) Importer(815301076,1909f56bfc062723c751e8b465ee728b)  -> (artifact id: '941a31bf10d514c9e4ff4bf387948315') in 0.052209 seconds 
  Import took 0.057607 seconds .

========================================================================
Received Import Request.
  Time since last request: 4.695064 seconds.
  path: Assets/GraphicAssets/IndustrialWorld/1 Tiles/Palette/TilesPalette.prefab
  artifactKey: Guid(95ed8cd40481def40a073bcd5e1d8929) Importer(815301076,1909f56bfc062723c751e8b465ee728b)
Start importing Assets/GraphicAssets/IndustrialWorld/1 Tiles/Palette/TilesPalette.prefab using Guid(95ed8cd40481def40a073bcd5e1d8929) Importer(815301076,1909f56bfc062723c751e8b465ee728b)  -> (artifact id: '71a20f9f1267ef51424f42dfd4321be3') in 0.052254 seconds 
  Import took 0.057692 seconds .

========================================================================
Received Import Request.
  Time since last request: 1.010578 seconds.
  path: Assets/GraphicAssets/IndustrialWorld/1 Tiles/Palette/TilesPalette.prefab
  artifactKey: Guid(95ed8cd40481def40a073bcd5e1d8929) Importer(815301076,1909f56bfc062723c751e8b465ee728b)
Start importing Assets/GraphicAssets/IndustrialWorld/1 Tiles/Palette/TilesPalette.prefab using Guid(95ed8cd40481def40a073bcd5e1d8929) Importer(815301076,1909f56bfc062723c751e8b465ee728b)  -> (artifact id: 'c8231b94a86c653a78a48a84d6e2f674') in 0.052182 seconds 
  Import took 0.057515 seconds .

========================================================================
Received Import Request.
  Time since last request: 6.011359 seconds.
  path: Assets/GraphicAssets/IndustrialWorld/1 Tiles/Palette/TilesPalette.prefab
  artifactKey: Guid(95ed8cd40481def40a073bcd5e1d8929) Importer(815301076,1909f56bfc062723c751e8b465ee728b)
Start importing Assets/GraphicAssets/IndustrialWorld/1 Tiles/Palette/TilesPalette.prefab using Guid(95ed8cd40481def40a073bcd5e1d8929) Importer(815301076,1909f56bfc062723c751e8b465ee728b)  -> (artifact id: 'bc6815eed70a99d6d646b30f78a509dc') in 0.052328 seconds 
  Import took 0.057683 seconds .

========================================================================
Received Import Request.
  Time since last request: 25.748412 seconds.
  path: Assets/GraphicAssets/IndustrialWorld/1 Tiles/Palette/TilesPalette.prefab
  artifactKey: Guid(95ed8cd40481def40a073bcd5e1d8929) Importer(815301076,1909f56bfc062723c751e8b465ee728b)
Start importing Assets/GraphicAssets/IndustrialWorld/1 Tiles/Palette/TilesPalette.prefab using Guid(95ed8cd40481def40a073bcd5e1d8929) Importer(815301076,1909f56bfc062723c751e8b465ee728b)  -> (artifact id: '82540200adc811ebfa701ac121ea2e49') in 0.039191 seconds 
  Import took 0.044225 seconds .

========================================================================
Received Import Request.
  Time since last request: 7.793243 seconds.
  path: Assets/GraphicAssets/IndustrialWorld/1 Tiles/Palette/TilesPalette.prefab
  artifactKey: Guid(95ed8cd40481def40a073bcd5e1d8929) Importer(815301076,1909f56bfc062723c751e8b465ee728b)
Start importing Assets/GraphicAssets/IndustrialWorld/1 Tiles/Palette/TilesPalette.prefab using Guid(95ed8cd40481def40a073bcd5e1d8929) Importer(815301076,1909f56bfc062723c751e8b465ee728b)  -> (artifact id: 'd52e31a75e44253d7a10dc3fc8345ade') in 0.038063 seconds 
  Import took 0.043075 seconds .

========================================================================
Received Import Request.
  Time since last request: 178.491786 seconds.
  path: Assets/GraphicAssets/IndustrialWorld/1 Tiles/Palette/TilesPalette.prefab
  artifactKey: Guid(95ed8cd40481def40a073bcd5e1d8929) Importer(815301076,1909f56bfc062723c751e8b465ee728b)
Start importing Assets/GraphicAssets/IndustrialWorld/1 Tiles/Palette/TilesPalette.prefab using Guid(95ed8cd40481def40a073bcd5e1d8929) Importer(815301076,1909f56bfc062723c751e8b465ee728b)  -> (artifact id: '2f2620e6239ffc7256bee209c16bfb74') in 0.038497 seconds 
  Import took 0.043519 seconds .

========================================================================
Received Import Request.
  Time since last request: 36.614632 seconds.
  path: Assets/GraphicAssets/IndustrialWorld/1 Tiles/Palette/TilesPalette.prefab
  artifactKey: Guid(95ed8cd40481def40a073bcd5e1d8929) Importer(815301076,1909f56bfc062723c751e8b465ee728b)
Start importing Assets/GraphicAssets/IndustrialWorld/1 Tiles/Palette/TilesPalette.prefab using Guid(95ed8cd40481def40a073bcd5e1d8929) Importer(815301076,1909f56bfc062723c751e8b465ee728b)  -> (artifact id: '606146ba62e8d4cfb0768c68f03f8ba1') in 0.054396 seconds 
  Import took 0.059879 seconds .

========================================================================
Received Import Request.
  Time since last request: 2.757075 seconds.
  path: Assets/GraphicAssets/IndustrialWorld/1 Tiles/Palette/TilesPalette.prefab
  artifactKey: Guid(95ed8cd40481def40a073bcd5e1d8929) Importer(815301076,1909f56bfc062723c751e8b465ee728b)
Start importing Assets/GraphicAssets/IndustrialWorld/1 Tiles/Palette/TilesPalette.prefab using Guid(95ed8cd40481def40a073bcd5e1d8929) Importer(815301076,1909f56bfc062723c751e8b465ee728b)  -> (artifact id: 'ff9b7cd21ce94cbfe292a81e95a71c55') in 0.054888 seconds 
  Import took 0.060421 seconds .

========================================================================
Received Import Request.
  Time since last request: 6.087115 seconds.
  path: Assets/GraphicAssets/IndustrialWorld/1 Tiles/Palette/TilesPalette.prefab
  artifactKey: Guid(95ed8cd40481def40a073bcd5e1d8929) Importer(815301076,1909f56bfc062723c751e8b465ee728b)
Start importing Assets/GraphicAssets/IndustrialWorld/1 Tiles/Palette/TilesPalette.prefab using Guid(95ed8cd40481def40a073bcd5e1d8929) Importer(815301076,1909f56bfc062723c751e8b465ee728b)  -> (artifact id: 'a980e34ece5b57f8c90721791b36b878') in 0.052505 seconds 
  Import took 0.058029 seconds .

========================================================================
Received Import Request.
  Time since last request: 346.892363 seconds.
  path: Assets/GraphicAssets/IndustrialWorld/1 Tiles/Palette/TilePalette.prefab
  artifactKey: Guid(14dc8029565b508458591ae73d4f7a70) Importer(815301076,1909f56bfc062723c751e8b465ee728b)
Start importing Assets/GraphicAssets/IndustrialWorld/1 Tiles/Palette/TilePalette.prefab using Guid(14dc8029565b508458591ae73d4f7a70) Importer(815301076,1909f56bfc062723c751e8b465ee728b)  -> (artifact id: '094c72e6cb3ea1ba528af04b00242db7') in 0.055487 seconds 
  Import took 0.061070 seconds .

========================================================================
Received Import Request.
  Time since last request: 2.458925 seconds.
  path: Assets/GraphicAssets/IndustrialWorld/3 Objects/Palette/0.asset
  artifactKey: Guid(c5484515df349164ca2a5fd2551d3c87) Importer(815301076,1909f56bfc062723c751e8b465ee728b)
Start importing Assets/GraphicAssets/IndustrialWorld/3 Objects/Palette/0.asset using Guid(c5484515df349164ca2a5fd2551d3c87) Importer(815301076,1909f56bfc062723c751e8b465ee728b)  -> (artifact id: 'dd2e9e6b48f2e3872e43d69d6fb723c9') in 0.024505 seconds 
  Import took 0.028142 seconds .

========================================================================
Received Import Request.
  Time since last request: 0.000199 seconds.
  path: Assets/GraphicAssets/IndustrialWorld/3 Objects/Palette/Box7.asset
  artifactKey: Guid(0edb9a5d3a467d04c96ae248b873582a) Importer(815301076,1909f56bfc062723c751e8b465ee728b)
Start importing Assets/GraphicAssets/IndustrialWorld/3 Objects/Palette/Box7.asset using Guid(0edb9a5d3a467d04c96ae248b873582a) Importer(815301076,1909f56bfc062723c751e8b465ee728b)  -> (artifact id: '9cf38c45f57e065a4a34399c37a4fb58') in 0.010224 seconds 
  Import took 0.013499 seconds .

========================================================================
Received Import Request.
  Time since last request: 0.000186 seconds.
  path: Assets/GraphicAssets/IndustrialWorld/3 Objects/Palette/7.asset
  artifactKey: Guid(cc94611ab69b3c54086d402f94824cb4) Importer(815301076,1909f56bfc062723c751e8b465ee728b)
Start importing Assets/GraphicAssets/IndustrialWorld/3 Objects/Palette/7.asset using Guid(cc94611ab69b3c54086d402f94824cb4) Importer(815301076,1909f56bfc062723c751e8b465ee728b)  -> (artifact id: 'c3912193ceff9f2f88e9b189263aaab5') in 0.009202 seconds 
  Import took 0.012682 seconds .

========================================================================
Received Import Request.
  Time since last request: 0.000222 seconds.
  path: Assets/GraphicAssets/IndustrialWorld/3 Objects/Palette/8.asset
  artifactKey: Guid(973bad5d7fd5cf743af592bfb749fbe7) Importer(815301076,1909f56bfc062723c751e8b465ee728b)
Start importing Assets/GraphicAssets/IndustrialWorld/3 Objects/Palette/8.asset using Guid(973bad5d7fd5cf743af592bfb749fbe7) Importer(815301076,1909f56bfc062723c751e8b465ee728b)  -> (artifact id: 'f9ce4f373ece49cbb43b0b9b018064cb') in 0.009999 seconds 
  Import took 0.013758 seconds .

========================================================================
Received Import Request.
  Time since last request: 0.000197 seconds.
  path: Assets/GraphicAssets/IndustrialWorld/3 Objects/Palette/Box8.asset
  artifactKey: Guid(4ea616a94b2ad5043a7ca73f7c406c86) Importer(815301076,1909f56bfc062723c751e8b465ee728b)
Start importing Assets/GraphicAssets/IndustrialWorld/3 Objects/Palette/Box8.asset using Guid(4ea616a94b2ad5043a7ca73f7c406c86) Importer(815301076,1909f56bfc062723c751e8b465ee728b)  -> (artifact id: 'ed99f016c0e0fd1f56d253566717dcf6') in 0.010228 seconds 
  Import took 0.014118 seconds .

========================================================================
Received Import Request.
  Time since last request: 0.000185 seconds.
  path: Assets/GraphicAssets/IndustrialWorld/3 Objects/Palette/Fence3.asset
  artifactKey: Guid(e3364e5cc9ba1ff4893e245582772e6e) Importer(815301076,1909f56bfc062723c751e8b465ee728b)
Start importing Assets/GraphicAssets/IndustrialWorld/3 Objects/Palette/Fence3.asset using Guid(e3364e5cc9ba1ff4893e245582772e6e) Importer(815301076,1909f56bfc062723c751e8b465ee728b)  -> (artifact id: 'c2b36b2e31d5ed3183bd67ab916b10f5') in 0.009206 seconds 
  Import took 0.012825 seconds .

========================================================================
Received Import Request.
  Time since last request: 0.000214 seconds.
  path: Assets/GraphicAssets/IndustrialWorld/3 Objects/Palette/2.asset
  artifactKey: Guid(152a7722e29a2eb42b27150dd17fdc19) Importer(815301076,1909f56bfc062723c751e8b465ee728b)
Start importing Assets/GraphicAssets/IndustrialWorld/3 Objects/Palette/2.asset using Guid(152a7722e29a2eb42b27150dd17fdc19) Importer(815301076,1909f56bfc062723c751e8b465ee728b)  -> (artifact id: '1cb9bb50143ebe07523f3696d449f442') in 0.010026 seconds 
  Import took 0.013764 seconds .

========================================================================
Received Import Request.
  Time since last request: 0.000220 seconds.
  path: Assets/GraphicAssets/IndustrialWorld/3 Objects/Palette/Bucket.asset
  artifactKey: Guid(180613dd8a0e9714e97b4c872e6ca802) Importer(815301076,1909f56bfc062723c751e8b465ee728b)
Start importing Assets/GraphicAssets/IndustrialWorld/3 Objects/Palette/Bucket.asset using Guid(180613dd8a0e9714e97b4c872e6ca802) Importer(815301076,1909f56bfc062723c751e8b465ee728b)  -> (artifact id: '95cb63701cb6461b32ce21cfd2656096') in 0.008965 seconds 
  Import took 0.012541 seconds .

========================================================================
Received Import Request.
  Time since last request: 0.000204 seconds.
  path: Assets/GraphicAssets/IndustrialWorld/3 Objects/Palette/Board2.asset
  artifactKey: Guid(a3c8452feb114cb40b68d42c2b569369) Importer(815301076,1909f56bfc062723c751e8b465ee728b)
Start importing Assets/GraphicAssets/IndustrialWorld/3 Objects/Palette/Board2.asset using Guid(a3c8452feb114cb40b68d42c2b569369) Importer(815301076,1909f56bfc062723c751e8b465ee728b)  -> (artifact id: 'cd10347f45893b5405edecd2f8eac008') in 0.009776 seconds 
  Import took 0.013322 seconds .

========================================================================
Received Import Request.
  Time since last request: 0.000217 seconds.
  path: Assets/GraphicAssets/IndustrialWorld/3 Objects/Palette/5.asset
  artifactKey: Guid(2661707fffb897647bfaa2740e0c6081) Importer(815301076,1909f56bfc062723c751e8b465ee728b)
Start importing Assets/GraphicAssets/IndustrialWorld/3 Objects/Palette/5.asset using Guid(2661707fffb897647bfaa2740e0c6081) Importer(815301076,1909f56bfc062723c751e8b465ee728b)  -> (artifact id: '1c54338ea337037903db700316636d47') in 0.010125 seconds 
  Import took 0.014086 seconds .

========================================================================
Received Import Request.
  Time since last request: 0.000243 seconds.
  path: Assets/GraphicAssets/IndustrialWorld/3 Objects/Palette/1.asset
  artifactKey: Guid(798c1b2cdf35bc84d90f8e57b03b102b) Importer(815301076,1909f56bfc062723c751e8b465ee728b)
Start importing Assets/GraphicAssets/IndustrialWorld/3 Objects/Palette/1.asset using Guid(798c1b2cdf35bc84d90f8e57b03b102b) Importer(815301076,1909f56bfc062723c751e8b465ee728b)  -> (artifact id: 'e0786b295e82fb40428d2f7e1d08c246') in 0.010482 seconds 
  Import took 0.014186 seconds .

========================================================================
Received Import Request.
  Time since last request: 0.000204 seconds.
  path: Assets/GraphicAssets/IndustrialWorld/3 Objects/Palette/Board3.asset
  artifactKey: Guid(2b3d626616cbf4747bb76048cc3d7209) Importer(815301076,1909f56bfc062723c751e8b465ee728b)
Start importing Assets/GraphicAssets/IndustrialWorld/3 Objects/Palette/Board3.asset using Guid(2b3d626616cbf4747bb76048cc3d7209) Importer(815301076,1909f56bfc062723c751e8b465ee728b)  -> (artifact id: '30fbe3f079d4f6998605e6089d1d2e10') in 0.009741 seconds 
  Import took 0.013325 seconds .

========================================================================
Received Import Request.
  Time since last request: 0.000205 seconds.
  path: Assets/GraphicAssets/IndustrialWorld/3 Objects/Palette/6.asset
  artifactKey: Guid(a57f8b0faef6d794a92cd9c912032fb5) Importer(815301076,1909f56bfc062723c751e8b465ee728b)
Start importing Assets/GraphicAssets/IndustrialWorld/3 Objects/Palette/6.asset using Guid(a57f8b0faef6d794a92cd9c912032fb5) Importer(815301076,1909f56bfc062723c751e8b465ee728b)  -> (artifact id: '97f84f1fad90ac88d47ab5f173037e9e') in 0.009573 seconds 
  Import took 0.013344 seconds .

========================================================================
Received Import Request.
  Time since last request: 0.000208 seconds.
  path: Assets/GraphicAssets/IndustrialWorld/3 Objects/Palette/Box4.asset
  artifactKey: Guid(852db9fa3435f2d4ebdd8113578d9222) Importer(815301076,1909f56bfc062723c751e8b465ee728b)
Start importing Assets/GraphicAssets/IndustrialWorld/3 Objects/Palette/Box4.asset using Guid(852db9fa3435f2d4ebdd8113578d9222) Importer(815301076,1909f56bfc062723c751e8b465ee728b)  -> (artifact id: '1657662555b125282e57094758e1ca2f') in 0.011354 seconds 
  Import took 0.015439 seconds .

========================================================================
Received Import Request.
  Time since last request: 0.000209 seconds.
  path: Assets/GraphicAssets/IndustrialWorld/3 Objects/Palette/Fire-extinguisher1.asset
  artifactKey: Guid(b1a0f51b5aec1614ea38466566d7cc0d) Importer(815301076,1909f56bfc062723c751e8b465ee728b)
Start importing Assets/GraphicAssets/IndustrialWorld/3 Objects/Palette/Fire-extinguisher1.asset using Guid(b1a0f51b5aec1614ea38466566d7cc0d) Importer(815301076,1909f56bfc062723c751e8b465ee728b)  -> (artifact id: 'fe8209834097f2ab66f6432e63a84448') in 0.010164 seconds 
  Import took 0.013843 seconds .

========================================================================
Received Import Request.
  Time since last request: 0.000204 seconds.
  path: Assets/GraphicAssets/IndustrialWorld/3 Objects/Palette/9.asset
  artifactKey: Guid(1aee93e1643b7ab4e8ffb3c3f956cc68) Importer(815301076,1909f56bfc062723c751e8b465ee728b)
Start importing Assets/GraphicAssets/IndustrialWorld/3 Objects/Palette/9.asset using Guid(1aee93e1643b7ab4e8ffb3c3f956cc68) Importer(815301076,1909f56bfc062723c751e8b465ee728b)  -> (artifact id: '953e4b2fb986a33f8f467666b6e9209a') in 0.010523 seconds 
  Import took 0.013902 seconds .

========================================================================
Received Import Request.
  Time since last request: 0.000310 seconds.
  path: Assets/GraphicAssets/IndustrialWorld/3 Objects/Palette/3.asset
  artifactKey: Guid(7876eb453ff16834483ccf48b30eeef8) Importer(815301076,1909f56bfc062723c751e8b465ee728b)
Start importing Assets/GraphicAssets/IndustrialWorld/3 Objects/Palette/3.asset using Guid(7876eb453ff16834483ccf48b30eeef8) Importer(815301076,1909f56bfc062723c751e8b465ee728b)  -> (artifact id: '45ac9fbc1d4c0ec99bb8372c9ae86f64') in 0.009309 seconds 
  Import took 0.013201 seconds .

========================================================================
Received Import Request.
  Time since last request: 0.000171 seconds.
  path: Assets/GraphicAssets/IndustrialWorld/3 Objects/Palette/Barrel4.asset
  artifactKey: Guid(f551ba725c0a5b6498786f6d4cfd106e) Importer(815301076,1909f56bfc062723c751e8b465ee728b)
Start importing Assets/GraphicAssets/IndustrialWorld/3 Objects/Palette/Barrel4.asset using Guid(f551ba725c0a5b6498786f6d4cfd106e) Importer(815301076,1909f56bfc062723c751e8b465ee728b)  -> (artifact id: '0c759f2438913d5e0277136569a0bd61') in 0.010859 seconds 
  Import took 0.014166 seconds .

========================================================================
Received Import Request.
  Time since last request: 0.000213 seconds.
  path: Assets/GraphicAssets/IndustrialWorld/3 Objects/Palette/Bench.asset
  artifactKey: Guid(443a0d09025631d44ad7244ea272cc75) Importer(815301076,1909f56bfc062723c751e8b465ee728b)
Start importing Assets/GraphicAssets/IndustrialWorld/3 Objects/Palette/Bench.asset using Guid(443a0d09025631d44ad7244ea272cc75) Importer(815301076,1909f56bfc062723c751e8b465ee728b)  -> (artifact id: 'f176c169747b243bb7f92f4a7a37d9ff') in 0.009900 seconds 
  Import took 0.013913 seconds .

========================================================================
Received Import Request.
  Time since last request: 0.000228 seconds.
  path: Assets/GraphicAssets/IndustrialWorld/3 Objects/Palette/Fence1.asset
  artifactKey: Guid(9304f799b30d6f5459f57d95149a2c19) Importer(815301076,1909f56bfc062723c751e8b465ee728b)
Start importing Assets/GraphicAssets/IndustrialWorld/3 Objects/Palette/Fence1.asset using Guid(9304f799b30d6f5459f57d95149a2c19) Importer(815301076,1909f56bfc062723c751e8b465ee728b)  -> (artifact id: '28f321aedc8d405448351cbe0a32de3d') in 0.010075 seconds 
  Import took 0.014021 seconds .

========================================================================
Received Import Request.
  Time since last request: 0.000195 seconds.
  path: Assets/GraphicAssets/IndustrialWorld/3 Objects/Palette/Barrel1.asset
  artifactKey: Guid(a9aa0cbf93358a346b0e40ef35b49cd6) Importer(815301076,1909f56bfc062723c751e8b465ee728b)
Start importing Assets/GraphicAssets/IndustrialWorld/3 Objects/Palette/Barrel1.asset using Guid(a9aa0cbf93358a346b0e40ef35b49cd6) Importer(815301076,1909f56bfc062723c751e8b465ee728b)  -> (artifact id: '763ef036b376eb3b767dcfd6e5a7ccd6') in 0.009935 seconds 
  Import took 0.013676 seconds .

========================================================================
Received Import Request.
  Time since last request: 0.000199 seconds.
  path: Assets/GraphicAssets/IndustrialWorld/3 Objects/Palette/Box1.asset
  artifactKey: Guid(de3b3c13828fdfd49899c7a72c59e5e7) Importer(815301076,1909f56bfc062723c751e8b465ee728b)
Start importing Assets/GraphicAssets/IndustrialWorld/3 Objects/Palette/Box1.asset using Guid(de3b3c13828fdfd49899c7a72c59e5e7) Importer(815301076,1909f56bfc062723c751e8b465ee728b)  -> (artifact id: '3a65f536dab2c7f5ad9dc2b8e29b56e3') in 0.010277 seconds 
  Import took 0.013632 seconds .

========================================================================
Received Import Request.
  Time since last request: 0.000213 seconds.
  path: Assets/GraphicAssets/IndustrialWorld/3 Objects/Palette/Fence2.asset
  artifactKey: Guid(1e50810c4494ee94ebfd65334335a111) Importer(815301076,1909f56bfc062723c751e8b465ee728b)
Start importing Assets/GraphicAssets/IndustrialWorld/3 Objects/Palette/Fence2.asset using Guid(1e50810c4494ee94ebfd65334335a111) Importer(815301076,1909f56bfc062723c751e8b465ee728b)  -> (artifact id: 'b53e986116358f8fbe702580e3e3e87a') in 0.010084 seconds 
  Import took 0.013547 seconds .

========================================================================
Received Import Request.
  Time since last request: 0.000215 seconds.
  path: Assets/GraphicAssets/IndustrialWorld/3 Objects/Palette/Board1.asset
  artifactKey: Guid(b88b99d0acc4e124db2caed2a75e1d61) Importer(815301076,1909f56bfc062723c751e8b465ee728b)
Start importing Assets/GraphicAssets/IndustrialWorld/3 Objects/Palette/Board1.asset using Guid(b88b99d0acc4e124db2caed2a75e1d61) Importer(815301076,1909f56bfc062723c751e8b465ee728b)  -> (artifact id: '8908a2fca0d0068629c0fee60fbe2e23') in 0.009439 seconds 
  Import took 0.012758 seconds .

========================================================================
Received Import Request.
  Time since last request: 0.000286 seconds.
  path: Assets/GraphicAssets/IndustrialWorld/3 Objects/Palette/Barrel3.asset
  artifactKey: Guid(919fb382e6523024c8a21abede396541) Importer(815301076,1909f56bfc062723c751e8b465ee728b)
Start importing Assets/GraphicAssets/IndustrialWorld/3 Objects/Palette/Barrel3.asset using Guid(919fb382e6523024c8a21abede396541) Importer(815301076,1909f56bfc062723c751e8b465ee728b)  -> (artifact id: '72fb5f7fa01271adf2baa1e0b6a659fd') in 0.009683 seconds 
  Import took 0.013063 seconds .

========================================================================
Received Import Request.
  Time since last request: 0.000227 seconds.
  path: Assets/GraphicAssets/IndustrialWorld/3 Objects/Palette/Barrel2.asset
  artifactKey: Guid(56b1c8264c729da4596b560b73ace534) Importer(815301076,1909f56bfc062723c751e8b465ee728b)
Start importing Assets/GraphicAssets/IndustrialWorld/3 Objects/Palette/Barrel2.asset using Guid(56b1c8264c729da4596b560b73ace534) Importer(815301076,1909f56bfc062723c751e8b465ee728b)  -> (artifact id: '36c5324c9a682f129e0651cea6cfcdde') in 0.010151 seconds 
  Import took 0.014168 seconds .

========================================================================
Received Import Request.
  Time since last request: 0.000210 seconds.
  path: Assets/GraphicAssets/IndustrialWorld/3 Objects/Palette/4.asset
  artifactKey: Guid(e8e2babf383f7f44e841bc325a86716f) Importer(815301076,1909f56bfc062723c751e8b465ee728b)
Start importing Assets/GraphicAssets/IndustrialWorld/3 Objects/Palette/4.asset using Guid(e8e2babf383f7f44e841bc325a86716f) Importer(815301076,1909f56bfc062723c751e8b465ee728b)  -> (artifact id: '72949da54db51172ced1aa21bf764f5d') in 0.009530 seconds 
  Import took 0.012875 seconds .

========================================================================
Received Import Request.
  Time since last request: 0.000205 seconds.
  path: Assets/GraphicAssets/IndustrialWorld/3 Objects/Palette/Box6.asset
  artifactKey: Guid(00391fc77ffb41047a6d7f47749eb6e9) Importer(815301076,1909f56bfc062723c751e8b465ee728b)
Start importing Assets/GraphicAssets/IndustrialWorld/3 Objects/Palette/Box6.asset using Guid(00391fc77ffb41047a6d7f47749eb6e9) Importer(815301076,1909f56bfc062723c751e8b465ee728b)  -> (artifact id: 'f3c54a0c3b160021629002ad965dd951') in 0.009913 seconds 
  Import took 0.013291 seconds .

========================================================================
Received Import Request.
  Time since last request: 0.000208 seconds.
  path: Assets/GraphicAssets/IndustrialWorld/3 Objects/Palette/Box3.asset
  artifactKey: Guid(28083ab0587549446889281d5a6da4b4) Importer(815301076,1909f56bfc062723c751e8b465ee728b)
Start importing Assets/GraphicAssets/IndustrialWorld/3 Objects/Palette/Box3.asset using Guid(28083ab0587549446889281d5a6da4b4) Importer(815301076,1909f56bfc062723c751e8b465ee728b)  -> (artifact id: '32b4af37c1cf05f23f2d4ce3de84a05d') in 0.010869 seconds 
  Import took 0.014212 seconds .

========================================================================
Received Import Request.
  Time since last request: 0.000191 seconds.
  path: Assets/GraphicAssets/IndustrialWorld/3 Objects/Palette/Box2.asset
  artifactKey: Guid(5d1e86f54836e0849bcf5957ffe62476) Importer(815301076,1909f56bfc062723c751e8b465ee728b)
Start importing Assets/GraphicAssets/IndustrialWorld/3 Objects/Palette/Box2.asset using Guid(5d1e86f54836e0849bcf5957ffe62476) Importer(815301076,1909f56bfc062723c751e8b465ee728b)  -> (artifact id: 'baa6dc1815b8e233bad8c87f3e31636b') in 0.010004 seconds 
  Import took 0.013275 seconds .

========================================================================
Received Import Request.
  Time since last request: 0.000253 seconds.
  path: Assets/GraphicAssets/IndustrialWorld/3 Objects/Palette/Box5.asset
  artifactKey: Guid(9db1a959d9274164685beec2368940a7) Importer(815301076,1909f56bfc062723c751e8b465ee728b)
Start importing Assets/GraphicAssets/IndustrialWorld/3 Objects/Palette/Box5.asset using Guid(9db1a959d9274164685beec2368940a7) Importer(815301076,1909f56bfc062723c751e8b465ee728b)  -> (artifact id: 'a7325e01b8386ff2c2c1febee30cf6de') in 0.010299 seconds 
  Import took 0.013942 seconds .

========================================================================
Received Import Request.
  Time since last request: 1.025402 seconds.
  path: Assets/GraphicAssets/IndustrialWorld/3 Objects/Palette/Fire-extinguisher2.asset
  artifactKey: Guid(582c877884befab41a39e61659011c1a) Importer(815301076,1909f56bfc062723c751e8b465ee728b)
Start importing Assets/GraphicAssets/IndustrialWorld/3 Objects/Palette/Fire-extinguisher2.asset using Guid(582c877884befab41a39e61659011c1a) Importer(815301076,1909f56bfc062723c751e8b465ee728b)  -> (artifact id: 'a0c970aeddaa958be5db5190ba6ad36c') in 0.009107 seconds 
  Import took 0.012865 seconds .

========================================================================
Received Import Request.
  Time since last request: 0.000217 seconds.
  path: Assets/GraphicAssets/IndustrialWorld/3 Objects/Palette/Ladder2.asset
  artifactKey: Guid(d5fdaa8c6deaf1140b0b926a43a88e8a) Importer(815301076,1909f56bfc062723c751e8b465ee728b)
Start importing Assets/GraphicAssets/IndustrialWorld/3 Objects/Palette/Ladder2.asset using Guid(d5fdaa8c6deaf1140b0b926a43a88e8a) Importer(815301076,1909f56bfc062723c751e8b465ee728b)  -> (artifact id: '63457ecbc591b0fa89793bbdd12edc6b') in 0.009008 seconds 
  Import took 0.012652 seconds .

========================================================================
Received Import Request.
  Time since last request: 0.000222 seconds.
  path: Assets/GraphicAssets/IndustrialWorld/3 Objects/Palette/Flag.asset
  artifactKey: Guid(2a274a7f74161534c89862c59dd2dfbc) Importer(815301076,1909f56bfc062723c751e8b465ee728b)
Start importing Assets/GraphicAssets/IndustrialWorld/3 Objects/Palette/Flag.asset using Guid(2a274a7f74161534c89862c59dd2dfbc) Importer(815301076,1909f56bfc062723c751e8b465ee728b)  -> (artifact id: '3678307df7994b2acbc252aaf144d00a') in 0.010828 seconds 
  Import took 0.014782 seconds .

========================================================================
Received Import Request.
  Time since last request: 0.000233 seconds.
  path: Assets/GraphicAssets/IndustrialWorld/3 Objects/Palette/Locker4.asset
  artifactKey: Guid(1a03b318f42f548458204a456ea927e8) Importer(815301076,1909f56bfc062723c751e8b465ee728b)
Start importing Assets/GraphicAssets/IndustrialWorld/3 Objects/Palette/Locker4.asset using Guid(1a03b318f42f548458204a456ea927e8) Importer(815301076,1909f56bfc062723c751e8b465ee728b)  -> (artifact id: '8cbc3f789f38be05286d72263a8d1c46') in 0.009512 seconds 
  Import took 0.013493 seconds .

========================================================================
Received Import Request.
  Time since last request: 0.000221 seconds.
  path: Assets/GraphicAssets/IndustrialWorld/3 Objects/Palette/Locker1.asset
  artifactKey: Guid(a17ca1fec00651948a27641bd5a15086) Importer(815301076,1909f56bfc062723c751e8b465ee728b)
Start importing Assets/GraphicAssets/IndustrialWorld/3 Objects/Palette/Locker1.asset using Guid(a17ca1fec00651948a27641bd5a15086) Importer(815301076,1909f56bfc062723c751e8b465ee728b)  -> (artifact id: '9be8d1d2dcb35a37b94ca399b67b0a50') in 0.010233 seconds 
  Import took 0.014031 seconds .

========================================================================
Received Import Request.
  Time since last request: 0.000238 seconds.
  path: Assets/GraphicAssets/IndustrialWorld/3 Objects/Palette/Pointer2.asset
  artifactKey: Guid(5d5366742bdbab7408d49dadce2243e6) Importer(815301076,1909f56bfc062723c751e8b465ee728b)
Start importing Assets/GraphicAssets/IndustrialWorld/3 Objects/Palette/Pointer2.asset using Guid(5d5366742bdbab7408d49dadce2243e6) Importer(815301076,1909f56bfc062723c751e8b465ee728b)  -> (artifact id: '16688b3a50b39c00d0edebe192f6e026') in 0.010567 seconds 
  Import took 0.014255 seconds .

========================================================================
Received Import Request.
  Time since last request: 0.000227 seconds.
  path: Assets/GraphicAssets/IndustrialWorld/3 Objects/Palette/ObjectsPalette.prefab
  artifactKey: Guid(cff1f16ca4eb0aa4eaf1b9238ac5722c) Importer(815301076,1909f56bfc062723c751e8b465ee728b)
Start importing Assets/GraphicAssets/IndustrialWorld/3 Objects/Palette/ObjectsPalette.prefab using Guid(cff1f16ca4eb0aa4eaf1b9238ac5722c) Importer(815301076,1909f56bfc062723c751e8b465ee728b)  -> (artifact id: '144bcccaa8eb69f242d5d6c4df524445') in 0.034907 seconds 
  Import took 0.039200 seconds .

========================================================================
Received Import Request.
  Time since last request: 0.000208 seconds.
  path: Assets/GraphicAssets/IndustrialWorld/3 Objects/Palette/Ladder3.asset
  artifactKey: Guid(8f0a3b314c91fd9468eaca5ce3c755d3) Importer(815301076,1909f56bfc062723c751e8b465ee728b)
Start importing Assets/GraphicAssets/IndustrialWorld/3 Objects/Palette/Ladder3.asset using Guid(8f0a3b314c91fd9468eaca5ce3c755d3) Importer(815301076,1909f56bfc062723c751e8b465ee728b)  -> (artifact id: 'e89cccb4751f205669502f41c76d3577') in 0.009897 seconds 
  Import took 0.013242 seconds .

========================================================================
Received Import Request.
  Time since last request: 0.000213 seconds.
  path: Assets/GraphicAssets/IndustrialWorld/3 Objects/Palette/Locker3.asset
  artifactKey: Guid(1edbaf5357f01e3418db1adf9c1cbec1) Importer(815301076,1909f56bfc062723c751e8b465ee728b)
Start importing Assets/GraphicAssets/IndustrialWorld/3 Objects/Palette/Locker3.asset using Guid(1edbaf5357f01e3418db1adf9c1cbec1) Importer(815301076,1909f56bfc062723c751e8b465ee728b)  -> (artifact id: '3c34eeae6e8665809a7fa3fbff9381a7') in 0.009217 seconds 
  Import took 0.012872 seconds .

========================================================================
Received Import Request.
  Time since last request: 0.000191 seconds.
  path: Assets/GraphicAssets/IndustrialWorld/3 Objects/Palette/Locker2.asset
  artifactKey: Guid(bec358a504a5a7a45a153713ebac063b) Importer(815301076,1909f56bfc062723c751e8b465ee728b)
Start importing Assets/GraphicAssets/IndustrialWorld/3 Objects/Palette/Locker2.asset using Guid(bec358a504a5a7a45a153713ebac063b) Importer(815301076,1909f56bfc062723c751e8b465ee728b)  -> (artifact id: 'f4998421e44c315dfe16c9400b22316c') in 0.009583 seconds 
  Import took 0.012852 seconds .

========================================================================
Received Import Request.
  Time since last request: 0.000179 seconds.
  path: Assets/GraphicAssets/IndustrialWorld/3 Objects/Palette/Pointer1.asset
  artifactKey: Guid(813656c77bb12944b8763edd3e75ccad) Importer(815301076,1909f56bfc062723c751e8b465ee728b)
Start importing Assets/GraphicAssets/IndustrialWorld/3 Objects/Palette/Pointer1.asset using Guid(813656c77bb12944b8763edd3e75ccad) Importer(815301076,1909f56bfc062723c751e8b465ee728b)  -> (artifact id: '31196846f2a5fc1c753920c1a905bb5e') in 0.010770 seconds 
  Import took 0.014044 seconds .

========================================================================
Received Import Request.
  Time since last request: 0.000200 seconds.
  path: Assets/GraphicAssets/IndustrialWorld/3 Objects/Palette/Mop.asset
  artifactKey: Guid(7e5599376dd528748bd9fb287a9ed1d3) Importer(815301076,1909f56bfc062723c751e8b465ee728b)
Start importing Assets/GraphicAssets/IndustrialWorld/3 Objects/Palette/Mop.asset using Guid(7e5599376dd528748bd9fb287a9ed1d3) Importer(815301076,1909f56bfc062723c751e8b465ee728b)  -> (artifact id: 'b01950f45091d8c126ded1309992cf65') in 0.009507 seconds 
  Import took 0.012929 seconds .

========================================================================
Received Import Request.
  Time since last request: 0.000204 seconds.
  path: Assets/GraphicAssets/IndustrialWorld/3 Objects/Palette/Fire-extinguisher3.asset
  artifactKey: Guid(466bbd3e77ebe95448eac76e4d2e9ca0) Importer(815301076,1909f56bfc062723c751e8b465ee728b)
Start importing Assets/GraphicAssets/IndustrialWorld/3 Objects/Palette/Fire-extinguisher3.asset using Guid(466bbd3e77ebe95448eac76e4d2e9ca0) Importer(815301076,1909f56bfc062723c751e8b465ee728b)  -> (artifact id: '7f37ac237f37dbcd7457f22e5ddb6104') in 0.010019 seconds 
  Import took 0.013462 seconds .

========================================================================
Received Import Request.
  Time since last request: 0.000184 seconds.
  path: Assets/GraphicAssets/IndustrialWorld/3 Objects/Palette/Ladder1.asset
  artifactKey: Guid(0c95a5d5c5fc50d47bc5d28e5118b004) Importer(815301076,1909f56bfc062723c751e8b465ee728b)
Start importing Assets/GraphicAssets/IndustrialWorld/3 Objects/Palette/Ladder1.asset using Guid(0c95a5d5c5fc50d47bc5d28e5118b004) Importer(815301076,1909f56bfc062723c751e8b465ee728b)  -> (artifact id: 'a152c9cd1d3489f5d9e6564493d33bfa') in 0.010695 seconds 
  Import took 0.014001 seconds .

========================================================================
Received Import Request.
  Time since last request: 6.463673 seconds.
  path: Assets/GraphicAssets/IndustrialWorld/1 Tiles/Palette/Bitmap
  artifactKey: Guid(fa83fe30eede0e449bed9b35c65a1990) Importer(815301076,1909f56bfc062723c751e8b465ee728b)
Start importing Assets/GraphicAssets/IndustrialWorld/1 Tiles/Palette/Bitmap using Guid(fa83fe30eede0e449bed9b35c65a1990) Importer(815301076,1909f56bfc062723c751e8b465ee728b)  -> (artifact id: 'ec0298b825c66a205e1128ef0abcb6e3') in 0.007519 seconds 
  Import took 0.011115 seconds .

========================================================================
Received Import Request.
  Time since last request: 0.084110 seconds.
  path: Assets/GraphicAssets/IndustrialWorld/1 Tiles/Palette/Bitmap/IndustrialTile_01.asset
  artifactKey: Guid(5f6b4cb9e1a6dad45a2dc2cfc53edf93) Importer(815301076,1909f56bfc062723c751e8b465ee728b)
Start importing Assets/GraphicAssets/IndustrialWorld/1 Tiles/Palette/Bitmap/IndustrialTile_01.asset using Guid(5f6b4cb9e1a6dad45a2dc2cfc53edf93) Importer(815301076,1909f56bfc062723c751e8b465ee728b)  -> (artifact id: 'bac1ba3ec17b4468d3280e493770563c') in 0.009710 seconds 
  Import took 0.013349 seconds .

========================================================================
Received Import Request.
  Time since last request: 0.000233 seconds.
  path: Assets/GraphicAssets/IndustrialWorld/1 Tiles/Palette/Bitmap/IndustrialTile_20.asset
  artifactKey: Guid(9bab7eeb1543772499051cec6548fb26) Importer(815301076,1909f56bfc062723c751e8b465ee728b)
Start importing Assets/GraphicAssets/IndustrialWorld/1 Tiles/Palette/Bitmap/IndustrialTile_20.asset using Guid(9bab7eeb1543772499051cec6548fb26) Importer(815301076,1909f56bfc062723c751e8b465ee728b)  -> (artifact id: '2cae40e1012686182d290043c3b07286') in 0.010222 seconds 
  Import took 0.014063 seconds .

========================================================================
Received Import Request.
  Time since last request: 0.000184 seconds.
  path: Assets/GraphicAssets/IndustrialWorld/1 Tiles/Palette/Bitmap/IndustrialTile_16.asset
  artifactKey: Guid(da374d7e605b6e24eb5a80d70fb9395c) Importer(815301076,1909f56bfc062723c751e8b465ee728b)
Start importing Assets/GraphicAssets/IndustrialWorld/1 Tiles/Palette/Bitmap/IndustrialTile_16.asset using Guid(da374d7e605b6e24eb5a80d70fb9395c) Importer(815301076,1909f56bfc062723c751e8b465ee728b)  -> (artifact id: '61181c85ae1399bb811ea29c1b82a2a5') in 0.010331 seconds 
  Import took 0.013942 seconds .

========================================================================
Received Import Request.
  Time since last request: 0.000215 seconds.
  path: Assets/GraphicAssets/IndustrialWorld/1 Tiles/Palette/Bitmap/IndustrialTile_28.asset
  artifactKey: Guid(fb719ffe9946cdf4489dc34c08fea10d) Importer(815301076,1909f56bfc062723c751e8b465ee728b)
Start importing Assets/GraphicAssets/IndustrialWorld/1 Tiles/Palette/Bitmap/IndustrialTile_28.asset using Guid(fb719ffe9946cdf4489dc34c08fea10d) Importer(815301076,1909f56bfc062723c751e8b465ee728b)  -> (artifact id: '73e17263549f56f1779cf0bf6f341978') in 0.009623 seconds 
  Import took 0.013062 seconds .

========================================================================
Received Import Request.
  Time since last request: 0.000219 seconds.
  path: Assets/GraphicAssets/IndustrialWorld/1 Tiles/Palette/Bitmap/IndustrialTile_15.asset
  artifactKey: Guid(c8dc94827043ba141a707a5e7d9eaeb0) Importer(815301076,1909f56bfc062723c751e8b465ee728b)
Start importing Assets/GraphicAssets/IndustrialWorld/1 Tiles/Palette/Bitmap/IndustrialTile_15.asset using Guid(c8dc94827043ba141a707a5e7d9eaeb0) Importer(815301076,1909f56bfc062723c751e8b465ee728b)  -> (artifact id: 'ada404c0c1df532ae18a965eebcccc79') in 0.009704 seconds 
  Import took 0.013370 seconds .

========================================================================
Received Import Request.
  Time since last request: 0.000232 seconds.
  path: Assets/GraphicAssets/IndustrialWorld/1 Tiles/Palette/Bitmap/IndustrialTile_30.asset
  artifactKey: Guid(bad3063be8e5a8d4ca800a4368476f25) Importer(815301076,1909f56bfc062723c751e8b465ee728b)
Start importing Assets/GraphicAssets/IndustrialWorld/1 Tiles/Palette/Bitmap/IndustrialTile_30.asset using Guid(bad3063be8e5a8d4ca800a4368476f25) Importer(815301076,1909f56bfc062723c751e8b465ee728b)  -> (artifact id: '8a5df1a0b097f10fec37fab5b5b9df51') in 0.009969 seconds 
  Import took 0.013681 seconds .

========================================================================
Received Import Request.
  Time since last request: 0.000208 seconds.
  path: Assets/GraphicAssets/IndustrialWorld/1 Tiles/Palette/Bitmap/IndustrialTile_29.asset
  artifactKey: Guid(15485f0f0f151954788bb0c858f777b1) Importer(815301076,1909f56bfc062723c751e8b465ee728b)
Start importing Assets/GraphicAssets/IndustrialWorld/1 Tiles/Palette/Bitmap/IndustrialTile_29.asset using Guid(15485f0f0f151954788bb0c858f777b1) Importer(815301076,1909f56bfc062723c751e8b465ee728b)  -> (artifact id: '8e5457375bb809bfaa25d25f5420c9d0') in 0.010388 seconds 
  Import took 0.013981 seconds .

========================================================================
Received Import Request.
  Time since last request: 0.000239 seconds.
  path: Assets/GraphicAssets/IndustrialWorld/1 Tiles/Palette/Bitmap/IndustrialTile_09.asset
  artifactKey: Guid(b5c5059918551ea479a4a7db5a88a8a2) Importer(815301076,1909f56bfc062723c751e8b465ee728b)
Start importing Assets/GraphicAssets/IndustrialWorld/1 Tiles/Palette/Bitmap/IndustrialTile_09.asset using Guid(b5c5059918551ea479a4a7db5a88a8a2) Importer(815301076,1909f56bfc062723c751e8b465ee728b)  -> (artifact id: '6b7ee56ccbbaca3bee608d92316be692') in 0.008797 seconds 
  Import took 0.012436 seconds .

========================================================================
Received Import Request.
  Time since last request: 0.000273 seconds.
  path: Assets/GraphicAssets/IndustrialWorld/1 Tiles/Palette/Bitmap/IndustrialTile_23.asset
  artifactKey: Guid(ce4f33e463d8bb942be7ba4072f40344) Importer(815301076,1909f56bfc062723c751e8b465ee728b)
Start importing Assets/GraphicAssets/IndustrialWorld/1 Tiles/Palette/Bitmap/IndustrialTile_23.asset using Guid(ce4f33e463d8bb942be7ba4072f40344) Importer(815301076,1909f56bfc062723c751e8b465ee728b)  -> (artifact id: 'af3bdbb257c49d38d3ba2f67291452ae') in 0.010069 seconds 
  Import took 0.013822 seconds .

========================================================================
Received Import Request.
  Time since last request: 0.000179 seconds.
  path: Assets/GraphicAssets/IndustrialWorld/1 Tiles/Palette/Bitmap/IndustrialTile_31.asset
  artifactKey: Guid(5eabd3375eb434e40926f7ce4c7ca409) Importer(815301076,1909f56bfc062723c751e8b465ee728b)
Start importing Assets/GraphicAssets/IndustrialWorld/1 Tiles/Palette/Bitmap/IndustrialTile_31.asset using Guid(5eabd3375eb434e40926f7ce4c7ca409) Importer(815301076,1909f56bfc062723c751e8b465ee728b)  -> (artifact id: '03f93d437c6f2f571878aadbf2930e24') in 0.010152 seconds 
  Import took 0.013806 seconds .

========================================================================
Received Import Request.
  Time since last request: 0.000191 seconds.
  path: Assets/GraphicAssets/IndustrialWorld/1 Tiles/Palette/Bitmap/IndustrialTile_03.asset
  artifactKey: Guid(95260cbf2fbe65c4486b677c2a69a9e5) Importer(815301076,1909f56bfc062723c751e8b465ee728b)
Start importing Assets/GraphicAssets/IndustrialWorld/1 Tiles/Palette/Bitmap/IndustrialTile_03.asset using Guid(95260cbf2fbe65c4486b677c2a69a9e5) Importer(815301076,1909f56bfc062723c751e8b465ee728b)  -> (artifact id: '375e5c54c1c9187a538ae723f587174c') in 0.008847 seconds 
  Import took 0.012648 seconds .

========================================================================
Received Import Request.
  Time since last request: 0.000253 seconds.
  path: Assets/GraphicAssets/IndustrialWorld/1 Tiles/Palette/Bitmap/IndustrialTile_05.asset
  artifactKey: Guid(434d53b0545451846b1e582d55a6d07f) Importer(815301076,1909f56bfc062723c751e8b465ee728b)
Start importing Assets/GraphicAssets/IndustrialWorld/1 Tiles/Palette/Bitmap/IndustrialTile_05.asset using Guid(434d53b0545451846b1e582d55a6d07f) Importer(815301076,1909f56bfc062723c751e8b465ee728b)  -> (artifact id: 'fc44bfb18bd33eaefe4665ef58f8dbcb') in 0.010120 seconds 
  Import took 0.014450 seconds .

========================================================================
Received Import Request.
  Time since last request: 0.000226 seconds.
  path: Assets/GraphicAssets/IndustrialWorld/1 Tiles/Palette/Bitmap/IndustrialTile_21.asset
  artifactKey: Guid(c7d7f26d953d9b949b4939d06f997818) Importer(815301076,1909f56bfc062723c751e8b465ee728b)
Start importing Assets/GraphicAssets/IndustrialWorld/1 Tiles/Palette/Bitmap/IndustrialTile_21.asset using Guid(c7d7f26d953d9b949b4939d06f997818) Importer(815301076,1909f56bfc062723c751e8b465ee728b)  -> (artifact id: '3c182ad3df8a0bc99952df8070d4974c') in 0.009802 seconds 
  Import took 0.013261 seconds .

========================================================================
Received Import Request.
  Time since last request: 0.000275 seconds.
  path: Assets/GraphicAssets/IndustrialWorld/1 Tiles/Palette/Bitmap/IndustrialTile_24.asset
  artifactKey: Guid(57c56e3c360aed54e81afc26a4f81571) Importer(815301076,1909f56bfc062723c751e8b465ee728b)
Start importing Assets/GraphicAssets/IndustrialWorld/1 Tiles/Palette/Bitmap/IndustrialTile_24.asset using Guid(57c56e3c360aed54e81afc26a4f81571) Importer(815301076,1909f56bfc062723c751e8b465ee728b)  -> (artifact id: '120b90cdbb5b6694c6a189226b2e80b7') in 0.009544 seconds 
  Import took 0.013299 seconds .

========================================================================
Received Import Request.
  Time since last request: 0.000217 seconds.
  path: Assets/GraphicAssets/IndustrialWorld/1 Tiles/Palette/Bitmap/IndustrialTile_02.asset
  artifactKey: Guid(1ed259caf30b9e34fb64ff2a8b33f2b0) Importer(815301076,1909f56bfc062723c751e8b465ee728b)
Start importing Assets/GraphicAssets/IndustrialWorld/1 Tiles/Palette/Bitmap/IndustrialTile_02.asset using Guid(1ed259caf30b9e34fb64ff2a8b33f2b0) Importer(815301076,1909f56bfc062723c751e8b465ee728b)  -> (artifact id: '075f4411af24e73aa8848d647b457c3a') in 0.009659 seconds 
  Import took 0.013323 seconds .

========================================================================
Received Import Request.
  Time since last request: 0.000208 seconds.
  path: Assets/GraphicAssets/IndustrialWorld/1 Tiles/Palette/Bitmap/IndustrialTile_08.asset
  artifactKey: Guid(29237dca39b156e48a09c2d2450217b2) Importer(815301076,1909f56bfc062723c751e8b465ee728b)
Start importing Assets/GraphicAssets/IndustrialWorld/1 Tiles/Palette/Bitmap/IndustrialTile_08.asset using Guid(29237dca39b156e48a09c2d2450217b2) Importer(815301076,1909f56bfc062723c751e8b465ee728b)  -> (artifact id: '2118dd05b329afdaa67d4fd9cd78bc9f') in 0.009592 seconds 
  Import took 0.013151 seconds .

========================================================================
Received Import Request.
  Time since last request: 0.000193 seconds.
  path: Assets/GraphicAssets/IndustrialWorld/1 Tiles/Palette/Bitmap/IndustrialTile_11.asset
  artifactKey: Guid(c0d3e5f6db0bc48468e91b3f11088538) Importer(815301076,1909f56bfc062723c751e8b465ee728b)
Start importing Assets/GraphicAssets/IndustrialWorld/1 Tiles/Palette/Bitmap/IndustrialTile_11.asset using Guid(c0d3e5f6db0bc48468e91b3f11088538) Importer(815301076,1909f56bfc062723c751e8b465ee728b)  -> (artifact id: '4cd83836365d2910aba4f1ec66ad2fa9') in 0.009329 seconds 
  Import took 0.012936 seconds .

========================================================================
Received Import Request.
  Time since last request: 0.000191 seconds.
  path: Assets/GraphicAssets/IndustrialWorld/1 Tiles/Palette/Bitmap/IndustrialTile_13.asset
  artifactKey: Guid(ba46d4021b7d8fb4ab045487f35bda54) Importer(815301076,1909f56bfc062723c751e8b465ee728b)
Start importing Assets/GraphicAssets/IndustrialWorld/1 Tiles/Palette/Bitmap/IndustrialTile_13.asset using Guid(ba46d4021b7d8fb4ab045487f35bda54) Importer(815301076,1909f56bfc062723c751e8b465ee728b)  -> (artifact id: '811fdd5678a20943b662bb5f4eb49cd2') in 0.009878 seconds 
  Import took 0.013316 seconds .

========================================================================
Received Import Request.
  Time since last request: 0.000217 seconds.
  path: Assets/GraphicAssets/IndustrialWorld/1 Tiles/Palette/Bitmap/IndustrialTile_14.asset
  artifactKey: Guid(ccd2d2dc351f88d4f97cdfeb60f47b32) Importer(815301076,1909f56bfc062723c751e8b465ee728b)
Start importing Assets/GraphicAssets/IndustrialWorld/1 Tiles/Palette/Bitmap/IndustrialTile_14.asset using Guid(ccd2d2dc351f88d4f97cdfeb60f47b32) Importer(815301076,1909f56bfc062723c751e8b465ee728b)  -> (artifact id: '5ab31800dab1d74c2686cf79f77a1582') in 0.009109 seconds 
  Import took 0.012604 seconds .

========================================================================
Received Import Request.
  Time since last request: 0.000217 seconds.
  path: Assets/GraphicAssets/IndustrialWorld/1 Tiles/Palette/Bitmap/IndustrialTile_17.asset
  artifactKey: Guid(0f897383be5479740a60906079f44c2c) Importer(815301076,1909f56bfc062723c751e8b465ee728b)
Start importing Assets/GraphicAssets/IndustrialWorld/1 Tiles/Palette/Bitmap/IndustrialTile_17.asset using Guid(0f897383be5479740a60906079f44c2c) Importer(815301076,1909f56bfc062723c751e8b465ee728b)  -> (artifact id: 'ad5f77658404ed90e3dfe44307e577d9') in 0.009731 seconds 
  Import took 0.013293 seconds .

========================================================================
Received Import Request.
  Time since last request: 0.000227 seconds.
  path: Assets/GraphicAssets/IndustrialWorld/1 Tiles/Palette/Bitmap/IndustrialTile_27.asset
  artifactKey: Guid(e599e474b5024f945be8304852d247c4) Importer(815301076,1909f56bfc062723c751e8b465ee728b)
Start importing Assets/GraphicAssets/IndustrialWorld/1 Tiles/Palette/Bitmap/IndustrialTile_27.asset using Guid(e599e474b5024f945be8304852d247c4) Importer(815301076,1909f56bfc062723c751e8b465ee728b)  -> (artifact id: 'be71c736ed54ac2fed1f8e87a80289ab') in 0.009244 seconds 
  Import took 0.012671 seconds .

========================================================================
Received Import Request.
  Time since last request: 0.000210 seconds.
  path: Assets/GraphicAssets/IndustrialWorld/1 Tiles/Palette/Bitmap/IndustrialTile_07.asset
  artifactKey: Guid(c31559555bb5fd647940c9a596171c5e) Importer(815301076,1909f56bfc062723c751e8b465ee728b)
Start importing Assets/GraphicAssets/IndustrialWorld/1 Tiles/Palette/Bitmap/IndustrialTile_07.asset using Guid(c31559555bb5fd647940c9a596171c5e) Importer(815301076,1909f56bfc062723c751e8b465ee728b)  -> (artifact id: '836af069fa0d3d52a93727de08434ec0') in 0.010208 seconds 
  Import took 0.014096 seconds .

========================================================================
Received Import Request.
  Time since last request: 0.000239 seconds.
  path: Assets/GraphicAssets/IndustrialWorld/1 Tiles/Palette/Bitmap/IndustrialTile_12.asset
  artifactKey: Guid(0bf41fba7bf61a748b3d39286436880f) Importer(815301076,1909f56bfc062723c751e8b465ee728b)
Start importing Assets/GraphicAssets/IndustrialWorld/1 Tiles/Palette/Bitmap/IndustrialTile_12.asset using Guid(0bf41fba7bf61a748b3d39286436880f) Importer(815301076,1909f56bfc062723c751e8b465ee728b)  -> (artifact id: '60c2a31ba60308725d15822f103a93a9') in 0.009636 seconds 
  Import took 0.013377 seconds .

========================================================================
Received Import Request.
  Time since last request: 0.000242 seconds.
  path: Assets/GraphicAssets/IndustrialWorld/1 Tiles/Palette/Bitmap/IndustrialTile_06.asset
  artifactKey: Guid(320df72bfbf059146a31720e6b980300) Importer(815301076,1909f56bfc062723c751e8b465ee728b)
Start importing Assets/GraphicAssets/IndustrialWorld/1 Tiles/Palette/Bitmap/IndustrialTile_06.asset using Guid(320df72bfbf059146a31720e6b980300) Importer(815301076,1909f56bfc062723c751e8b465ee728b)  -> (artifact id: '46fd6129a777cbf81a05959adfb736c1') in 0.009764 seconds 
  Import took 0.013464 seconds .

========================================================================
Received Import Request.
  Time since last request: 0.000231 seconds.
  path: Assets/GraphicAssets/IndustrialWorld/1 Tiles/Palette/Bitmap/IndustrialTile_25.asset
  artifactKey: Guid(57eb3abe10eaafe4ca6238085ae5c1eb) Importer(815301076,1909f56bfc062723c751e8b465ee728b)
Start importing Assets/GraphicAssets/IndustrialWorld/1 Tiles/Palette/Bitmap/IndustrialTile_25.asset using Guid(57eb3abe10eaafe4ca6238085ae5c1eb) Importer(815301076,1909f56bfc062723c751e8b465ee728b)  -> (artifact id: '593bfe994d212e329729ae229ac33f33') in 0.009916 seconds 
  Import took 0.013334 seconds .

========================================================================
Received Import Request.
  Time since last request: 0.000193 seconds.
  path: Assets/GraphicAssets/IndustrialWorld/1 Tiles/Palette/Bitmap/IndustrialTile_19.asset
  artifactKey: Guid(972ae344603b829498407906a133636d) Importer(815301076,1909f56bfc062723c751e8b465ee728b)
Start importing Assets/GraphicAssets/IndustrialWorld/1 Tiles/Palette/Bitmap/IndustrialTile_19.asset using Guid(972ae344603b829498407906a133636d) Importer(815301076,1909f56bfc062723c751e8b465ee728b)  -> (artifact id: 'f1a3b256a73bd62edca1f8d15acdd695') in 0.010415 seconds 
  Import took 0.013983 seconds .

========================================================================
Received Import Request.
  Time since last request: 0.000175 seconds.
  path: Assets/GraphicAssets/IndustrialWorld/1 Tiles/Palette/Bitmap/IndustrialTile_18.asset
  artifactKey: Guid(e2b564a3a5e695e42b8bbcfa00032c1c) Importer(815301076,1909f56bfc062723c751e8b465ee728b)
Start importing Assets/GraphicAssets/IndustrialWorld/1 Tiles/Palette/Bitmap/IndustrialTile_18.asset using Guid(e2b564a3a5e695e42b8bbcfa00032c1c) Importer(815301076,1909f56bfc062723c751e8b465ee728b)  -> (artifact id: '141d27b6f0ba8dcef0dfca8670c329a7') in 0.009758 seconds 
  Import took 0.013153 seconds .

========================================================================
Received Import Request.
  Time since last request: 0.000193 seconds.
  path: Assets/GraphicAssets/IndustrialWorld/1 Tiles/Palette/Bitmap/IndustrialTile_22.asset
  artifactKey: Guid(c88f12886d22c1f459775184cd28a726) Importer(815301076,1909f56bfc062723c751e8b465ee728b)
Start importing Assets/GraphicAssets/IndustrialWorld/1 Tiles/Palette/Bitmap/IndustrialTile_22.asset using Guid(c88f12886d22c1f459775184cd28a726) Importer(815301076,1909f56bfc062723c751e8b465ee728b)  -> (artifact id: '812b7400f3a933357f46a89d3eae1efb') in 0.010380 seconds 
  Import took 0.013969 seconds .

========================================================================
Received Import Request.
  Time since last request: 0.000194 seconds.
  path: Assets/GraphicAssets/IndustrialWorld/1 Tiles/Palette/Bitmap/IndustrialTile_26.asset
  artifactKey: Guid(a45b33cd040d7ae469bfc61ba880dcb7) Importer(815301076,1909f56bfc062723c751e8b465ee728b)
Start importing Assets/GraphicAssets/IndustrialWorld/1 Tiles/Palette/Bitmap/IndustrialTile_26.asset using Guid(a45b33cd040d7ae469bfc61ba880dcb7) Importer(815301076,1909f56bfc062723c751e8b465ee728b)  -> (artifact id: 'f31bea538323f878dbfc1ff8e1630ce0') in 0.010815 seconds 
  Import took 0.014710 seconds .

========================================================================
Received Import Request.
  Time since last request: 0.000200 seconds.
  path: Assets/GraphicAssets/IndustrialWorld/1 Tiles/Palette/Bitmap/IndustrialTile_04.asset
  artifactKey: Guid(c95f16e130d8aed458dbf7e198046a15) Importer(815301076,1909f56bfc062723c751e8b465ee728b)
Start importing Assets/GraphicAssets/IndustrialWorld/1 Tiles/Palette/Bitmap/IndustrialTile_04.asset using Guid(c95f16e130d8aed458dbf7e198046a15) Importer(815301076,1909f56bfc062723c751e8b465ee728b)  -> (artifact id: '7de8956e57dec34760c0608b57540042') in 0.009992 seconds 
  Import took 0.013241 seconds .

========================================================================
Received Import Request.
  Time since last request: 0.000206 seconds.
  path: Assets/GraphicAssets/IndustrialWorld/1 Tiles/Palette/Bitmap/IndustrialTile_10.asset
  artifactKey: Guid(d2ee672544f1a824d8b1594bf2e64b86) Importer(815301076,1909f56bfc062723c751e8b465ee728b)
Start importing Assets/GraphicAssets/IndustrialWorld/1 Tiles/Palette/Bitmap/IndustrialTile_10.asset using Guid(d2ee672544f1a824d8b1594bf2e64b86) Importer(815301076,1909f56bfc062723c751e8b465ee728b)  -> (artifact id: '5563175725577a425054d3865e64b493') in 0.009555 seconds 
  Import took 0.012878 seconds .

========================================================================
Received Import Request.
  Time since last request: 19.540260 seconds.
  path: Assets/GraphicAssets/IndustrialWorld/1 Tiles/Palette/Bitmap/IndustrialTile_32.asset
  artifactKey: Guid(99f28ffb5237eb043bf7d13680c4ac0b) Importer(815301076,1909f56bfc062723c751e8b465ee728b)
Start importing Assets/GraphicAssets/IndustrialWorld/1 Tiles/Palette/Bitmap/IndustrialTile_32.asset using Guid(99f28ffb5237eb043bf7d13680c4ac0b) Importer(815301076,1909f56bfc062723c751e8b465ee728b)  -> (artifact id: 'b6aebb2fcd01d6d3813646d540bfb9f1') in 0.009579 seconds 
  Import took 0.013502 seconds .

========================================================================
Received Import Request.
  Time since last request: 0.000225 seconds.
  path: Assets/GraphicAssets/IndustrialWorld/1 Tiles/Palette/Bitmap/IndustrialTile_35.asset
  artifactKey: Guid(249c5d52d1cfc8749a4ace3c922263d8) Importer(815301076,1909f56bfc062723c751e8b465ee728b)
Start importing Assets/GraphicAssets/IndustrialWorld/1 Tiles/Palette/Bitmap/IndustrialTile_35.asset using Guid(249c5d52d1cfc8749a4ace3c922263d8) Importer(815301076,1909f56bfc062723c751e8b465ee728b)  -> (artifact id: '63dfed904705ed04d58fe301f7408cab') in 0.010279 seconds 
  Import took 0.014076 seconds .

========================================================================
Received Import Request.
  Time since last request: 0.000198 seconds.
  path: Assets/GraphicAssets/IndustrialWorld/1 Tiles/Palette/Bitmap/IndustrialTile_34.asset
  artifactKey: Guid(ca339c47346ec32459adacf2a5a9788b) Importer(815301076,1909f56bfc062723c751e8b465ee728b)
Start importing Assets/GraphicAssets/IndustrialWorld/1 Tiles/Palette/Bitmap/IndustrialTile_34.asset using Guid(ca339c47346ec32459adacf2a5a9788b) Importer(815301076,1909f56bfc062723c751e8b465ee728b)  -> (artifact id: '8cbf75f736928425739a36ac0e69f1b9') in 0.010223 seconds 
  Import took 0.013952 seconds .

========================================================================
Received Import Request.
  Time since last request: 0.000202 seconds.
  path: Assets/GraphicAssets/IndustrialWorld/1 Tiles/Palette/Bitmap/IndustrialTile_39.asset
  artifactKey: Guid(c14a1435b884d3241b6ab019b93da452) Importer(815301076,1909f56bfc062723c751e8b465ee728b)
Start importing Assets/GraphicAssets/IndustrialWorld/1 Tiles/Palette/Bitmap/IndustrialTile_39.asset using Guid(c14a1435b884d3241b6ab019b93da452) Importer(815301076,1909f56bfc062723c751e8b465ee728b)  -> (artifact id: 'f152accda9ba49d4f231b3303b7bceef') in 0.010134 seconds 
  Import took 0.013702 seconds .

========================================================================
Received Import Request.
  Time since last request: 0.000267 seconds.
  path: Assets/GraphicAssets/IndustrialWorld/1 Tiles/Palette/Bitmap/IndustrialTile_41.asset
  artifactKey: Guid(7065d907064444543983a1349ac08905) Importer(815301076,1909f56bfc062723c751e8b465ee728b)
Start importing Assets/GraphicAssets/IndustrialWorld/1 Tiles/Palette/Bitmap/IndustrialTile_41.asset using Guid(7065d907064444543983a1349ac08905) Importer(815301076,1909f56bfc062723c751e8b465ee728b)  -> (artifact id: '5f67baabc50b20b4f0eb6d464dfa4cc8') in 0.011016 seconds 
  Import took 0.014841 seconds .

========================================================================
Received Import Request.
  Time since last request: 0.000191 seconds.
  path: Assets/GraphicAssets/IndustrialWorld/1 Tiles/Palette/Bitmap/IndustrialTile_33.asset
  artifactKey: Guid(2b5b9f61465e86941bf5ce0b56e52077) Importer(815301076,1909f56bfc062723c751e8b465ee728b)
Start importing Assets/GraphicAssets/IndustrialWorld/1 Tiles/Palette/Bitmap/IndustrialTile_33.asset using Guid(2b5b9f61465e86941bf5ce0b56e52077) Importer(815301076,1909f56bfc062723c751e8b465ee728b)  -> (artifact id: 'f1066c8b04d76ecbfc4b840a11def5bc') in 0.010037 seconds 
  Import took 0.013701 seconds .

========================================================================
Received Import Request.
  Time since last request: 0.000221 seconds.
  path: Assets/GraphicAssets/IndustrialWorld/1 Tiles/Palette/Bitmap/IndustrialTile_40.asset
  artifactKey: Guid(beb9542d919deb943876bdd141280d83) Importer(815301076,1909f56bfc062723c751e8b465ee728b)
Start importing Assets/GraphicAssets/IndustrialWorld/1 Tiles/Palette/Bitmap/IndustrialTile_40.asset using Guid(beb9542d919deb943876bdd141280d83) Importer(815301076,1909f56bfc062723c751e8b465ee728b)  -> (artifact id: 'c73cb80f0c8ed1307c802c6909e7b87f') in 0.010328 seconds 
  Import took 0.013999 seconds .

========================================================================
Received Import Request.
  Time since last request: 0.000176 seconds.
  path: Assets/GraphicAssets/IndustrialWorld/1 Tiles/Palette/Bitmap/IndustrialTile_42.asset
  artifactKey: Guid(2876c63ef5ee8944cb33abdb8cb50b1d) Importer(815301076,1909f56bfc062723c751e8b465ee728b)
Start importing Assets/GraphicAssets/IndustrialWorld/1 Tiles/Palette/Bitmap/IndustrialTile_42.asset using Guid(2876c63ef5ee8944cb33abdb8cb50b1d) Importer(815301076,1909f56bfc062723c751e8b465ee728b)  -> (artifact id: '6a2ee186dc5668ed03dcc62cac689fef') in 0.010028 seconds 
  Import took 0.013524 seconds .

========================================================================
Received Import Request.
  Time since last request: 0.000204 seconds.
  path: Assets/GraphicAssets/IndustrialWorld/1 Tiles/Palette/Bitmap/IndustrialTile_43.asset
  artifactKey: Guid(a2c0d702b03f5a24cad4518936e88b15) Importer(815301076,1909f56bfc062723c751e8b465ee728b)
Start importing Assets/GraphicAssets/IndustrialWorld/1 Tiles/Palette/Bitmap/IndustrialTile_43.asset using Guid(a2c0d702b03f5a24cad4518936e88b15) Importer(815301076,1909f56bfc062723c751e8b465ee728b)  -> (artifact id: '70a60208f95ee0c7275570ac95e2eee0') in 0.010145 seconds 
  Import took 0.014209 seconds .

========================================================================
Received Import Request.
  Time since last request: 0.000169 seconds.
  path: Assets/GraphicAssets/IndustrialWorld/1 Tiles/Palette/Bitmap/IndustrialTile_38.asset
  artifactKey: Guid(e332c43476f29e4438d97e4849636605) Importer(815301076,1909f56bfc062723c751e8b465ee728b)
Start importing Assets/GraphicAssets/IndustrialWorld/1 Tiles/Palette/Bitmap/IndustrialTile_38.asset using Guid(e332c43476f29e4438d97e4849636605) Importer(815301076,1909f56bfc062723c751e8b465ee728b)  -> (artifact id: '7b25f9c535a427f8a768f34ab3af52b4') in 0.010115 seconds 
  Import took 0.013839 seconds .

========================================================================
Received Import Request.
  Time since last request: 0.000215 seconds.
  path: Assets/GraphicAssets/IndustrialWorld/1 Tiles/Palette/Bitmap/IndustrialTile_37.asset
  artifactKey: Guid(64dee3ab99c1fb84baf1068687cb7458) Importer(815301076,1909f56bfc062723c751e8b465ee728b)
Start importing Assets/GraphicAssets/IndustrialWorld/1 Tiles/Palette/Bitmap/IndustrialTile_37.asset using Guid(64dee3ab99c1fb84baf1068687cb7458) Importer(815301076,1909f56bfc062723c751e8b465ee728b)  -> (artifact id: '7f22649c19c6ce55ae469a4996c649d1') in 0.009795 seconds 
  Import took 0.013358 seconds .

========================================================================
Received Import Request.
  Time since last request: 0.000202 seconds.
  path: Assets/GraphicAssets/IndustrialWorld/1 Tiles/Palette/Bitmap/IndustrialTile_36.asset
  artifactKey: Guid(40d6186d20585ed41b0f6f7d5fa22a85) Importer(815301076,1909f56bfc062723c751e8b465ee728b)
Start importing Assets/GraphicAssets/IndustrialWorld/1 Tiles/Palette/Bitmap/IndustrialTile_36.asset using Guid(40d6186d20585ed41b0f6f7d5fa22a85) Importer(815301076,1909f56bfc062723c751e8b465ee728b)  -> (artifact id: '74b4e7eb7e066c9796c04bc41a440f13') in 0.009984 seconds 
  Import took 0.013502 seconds .

========================================================================
Received Import Request.
  Time since last request: 0.000289 seconds.
  path: Assets/GraphicAssets/IndustrialWorld/1 Tiles/Palette/Bitmap/IndustrialTile_45.asset
  artifactKey: Guid(acb060139437d0f44ad33075f0e440e9) Importer(815301076,1909f56bfc062723c751e8b465ee728b)
Start importing Assets/GraphicAssets/IndustrialWorld/1 Tiles/Palette/Bitmap/IndustrialTile_45.asset using Guid(acb060139437d0f44ad33075f0e440e9) Importer(815301076,1909f56bfc062723c751e8b465ee728b)  -> (artifact id: '35d183f8cb3341c37d8a0e0e9e4b2d1c') in 0.011476 seconds 
  Import took 0.015447 seconds .

========================================================================
Received Import Request.
  Time since last request: 0.000184 seconds.
  path: Assets/GraphicAssets/IndustrialWorld/1 Tiles/Palette/Bitmap/IndustrialTile_44.asset
  artifactKey: Guid(ad5b58a7d64519043b24779c32efd4b8) Importer(815301076,1909f56bfc062723c751e8b465ee728b)
Start importing Assets/GraphicAssets/IndustrialWorld/1 Tiles/Palette/Bitmap/IndustrialTile_44.asset using Guid(ad5b58a7d64519043b24779c32efd4b8) Importer(815301076,1909f56bfc062723c751e8b465ee728b)  -> (artifact id: '97d68971a5d624d1f68c6744d8edb8a7') in 0.010490 seconds 
  Import took 0.013970 seconds .

========================================================================
Received Import Request.
  Time since last request: 0.000215 seconds.
  path: Assets/GraphicAssets/IndustrialWorld/1 Tiles/Palette/Bitmap/IndustrialTile_46.asset
  artifactKey: Guid(576241841d7d8d84fb29948f3f143bab) Importer(815301076,1909f56bfc062723c751e8b465ee728b)
Start importing Assets/GraphicAssets/IndustrialWorld/1 Tiles/Palette/Bitmap/IndustrialTile_46.asset using Guid(576241841d7d8d84fb29948f3f143bab) Importer(815301076,1909f56bfc062723c751e8b465ee728b)  -> (artifact id: '3e9fd6b49628961981e92f17fce5a5ad') in 0.010394 seconds 
  Import took 0.013884 seconds .

========================================================================
Received Prepare
Registering precompiled user dll's ...
Registered in 0.004047 seconds.
Begin MonoManager ReloadAssembly
Native extension for WindowsStandalone target not found
Refreshing native plugins compatible for Editor in 0.79 ms, found 3 plugins.
Preloading 0 native plugins for Editor in 0.00 ms.
Mono: successfully reloaded assembly
- Completed reload, in  1.126 seconds
Domain Reload Profiling:
	ReloadAssembly (1126ms)
		BeginReloadAssembly (130ms)
			ExecutionOrderSort (0ms)
			DisableScriptedObjects (7ms)
			BackupInstance (0ms)
			ReleaseScriptingObjects (0ms)
			CreateAndSetChildDomain (50ms)
		EndReloadAssembly (929ms)
			LoadAssemblies (96ms)
			RebuildTransferFunctionScriptingTraits (0ms)
			SetupTypeCache (346ms)
			ReleaseScriptCaches (1ms)
			RebuildScriptCaches (50ms)
			SetupLoadedEditorAssemblies (317ms)
				LogAssemblyErrors (0ms)
				InitializePlatformSupportModulesInManaged (5ms)
				SetLoadedEditorAssemblies (1ms)
				RefreshPlugins (1ms)
				BeforeProcessingInitializeOnLoad (64ms)
				ProcessInitializeOnLoadAttributes (232ms)
				ProcessInitializeOnLoadMethodAttributes (13ms)
				AfterProcessingInitializeOnLoad (3ms)
				EditorAssembliesLoaded (0ms)
			ExecutionOrderSort2 (0ms)
			AwakeInstancesAfterBackupRestoration (11ms)
Platform modules already initialized, skipping
Refreshing native plugins compatible for Editor in 0.75 ms, found 3 plugins.
Preloading 0 native plugins for Editor in 0.00 ms.
Unloading 2186 Unused Serialized files (Serialized files now loaded: 0)
System memory in use before: 98.8 MB.
System memory in use after: 98.9 MB.

Unloading 17 unused Assets to reduce memory usage. Loaded Objects now: 2649.
Total: 3.687500 ms (FindLiveObjects: 0.227900 ms CreateObjectMapping: 0.062700 ms MarkObjects: 3.373400 ms  DeleteObjects: 0.022100 ms)

AssetImportParameters requested are different than current active one (requested -> active):
  custom:framework-win-MediaFoundation: 216162199b28c13a410421893ffa2e32 -> 
  custom:video-decoder-ogg-theora: a1e56fd34408186e4bbccfd4996cb3dc -> 
  custom:container-muxer-webm: aa71ff27fc2769a1b78a27578f13a17b -> 
  custom:container-demuxer-webm: 4f35f7cbe854078d1ac9338744f61a02 -> 
  custom:container-demuxer-ogg: 62fdf1f143b41e24485cea50d1cbac27 -> 
  custom:video-encoder-webm-vp8: eb34c28f22e8b96e1ab97ce403110664 -> 
  custom:video-decoder-webm-vp8: 9c59270c3fd7afecdb556c50c9e8de78 -> 
  custom:audio-decoder-ogg-vorbis: bf7c407c2cedff20999df2af8eb42d56 -> 
  custom:audio-encoder-webm-vorbis: bf7c407c2cedff20999df2af8eb42d56 -> 
========================================================================
Received Prepare
Registering precompiled user dll's ...
Registered in 0.003996 seconds.
Begin MonoManager ReloadAssembly
Native extension for WindowsStandalone target not found
Refreshing native plugins compatible for Editor in 0.74 ms, found 3 plugins.
Preloading 0 native plugins for Editor in 0.00 ms.
Mono: successfully reloaded assembly
- Completed reload, in  1.058 seconds
Domain Reload Profiling:
	ReloadAssembly (1058ms)
		BeginReloadAssembly (112ms)
			ExecutionOrderSort (0ms)
			DisableScriptedObjects (7ms)
			BackupInstance (0ms)
			ReleaseScriptingObjects (0ms)
			CreateAndSetChildDomain (38ms)
		EndReloadAssembly (880ms)
			LoadAssemblies (92ms)
			RebuildTransferFunctionScriptingTraits (0ms)
			SetupTypeCache (326ms)
			ReleaseScriptCaches (1ms)
			RebuildScriptCaches (48ms)
			SetupLoadedEditorAssemblies (300ms)
				LogAssemblyErrors (0ms)
				InitializePlatformSupportModulesInManaged (5ms)
				SetLoadedEditorAssemblies (1ms)
				RefreshPlugins (1ms)
				BeforeProcessingInitializeOnLoad (59ms)
				ProcessInitializeOnLoadAttributes (220ms)
				ProcessInitializeOnLoadMethodAttributes (12ms)
				AfterProcessingInitializeOnLoad (3ms)
				EditorAssembliesLoaded (0ms)
			ExecutionOrderSort2 (0ms)
			AwakeInstancesAfterBackupRestoration (10ms)
Platform modules already initialized, skipping
Refreshing native plugins compatible for Editor in 0.73 ms, found 3 plugins.
Preloading 0 native plugins for Editor in 0.00 ms.
Unloading 2186 Unused Serialized files (Serialized files now loaded: 0)
System memory in use before: 98.8 MB.
System memory in use after: 98.9 MB.

Unloading 17 unused Assets to reduce memory usage. Loaded Objects now: 2651.
Total: 3.384200 ms (FindLiveObjects: 0.211300 ms CreateObjectMapping: 0.063800 ms MarkObjects: 3.090500 ms  DeleteObjects: 0.017600 ms)

AssetImportParameters requested are different than current active one (requested -> active):
  custom:framework-win-MediaFoundation: 216162199b28c13a410421893ffa2e32 -> 
  custom:video-decoder-ogg-theora: a1e56fd34408186e4bbccfd4996cb3dc -> 
  custom:container-muxer-webm: aa71ff27fc2769a1b78a27578f13a17b -> 
  custom:container-demuxer-webm: 4f35f7cbe854078d1ac9338744f61a02 -> 
  custom:container-demuxer-ogg: 62fdf1f143b41e24485cea50d1cbac27 -> 
  custom:video-encoder-webm-vp8: eb34c28f22e8b96e1ab97ce403110664 -> 
  custom:video-decoder-webm-vp8: 9c59270c3fd7afecdb556c50c9e8de78 -> 
  custom:audio-decoder-ogg-vorbis: bf7c407c2cedff20999df2af8eb42d56 -> 
  custom:audio-encoder-webm-vorbis: bf7c407c2cedff20999df2af8eb42d56 -> 
